#
# A fatal error has been detected by the Java Runtime Environment:
#
#  EXCEPTION_ACCESS_VIOLATION (0xc0000005) at pc=0x0000000180005b6b, pid=6436, tid=0x0000000000004250
#
# JRE version: Java(TM) SE Runtime Environment (8.0_111-b14) (build 1.8.0_111-b14)
# Java VM: Java HotSpot(TM) 64-Bit Server VM (25.111-b14 mixed mode windows-amd64 compressed oops)
# Problematic frame:
# C  [rxtxSerial.dll+0x5b6b]
#
# Failed to write core dump. Minidumps are not enabled by default on client versions of Windows
#
# If you would like to submit a bug report, please visit:
#   http://bugreport.java.com/bugreport/crash.jsp
# The crash happened outside the Java Virtual Machine in native code.
# See problematic frame for where to report the bug.
#

---------------  T H R E A D  ---------------

Current thread (0x0000000058d00800):  JavaThread "Thread-2" [_thread_in_native, id=16976, stack(0x000000005b160000,0x000000005b260000)]

siginfo: ExceptionCode=0xc0000005, writing address 0x000000005aeff378

Registers:
RAX=0x00000000ffffffff, RBX=0x0000000000000000, RCX=0x0000000000000000, RDX=0x0000000000000000
RSP=0x000000005b25ef50, RBP=0x00000000ffffffff, RSI=0x0000000000000004, RDI=0x0000000000000001
R8 =0x000007fffff86000, R9 =0x0000000180000000, R10=0x0000000000000000, R11=0x0000000000000200
R12=0x000000005aeff370, R13=0x0000000000000001, R14=0x0000000000000000, R15=0x0000000000000000
RIP=0x0000000180005b6b, EFLAGS=0x0000000000010286

Top of Stack: (sp=0x000000005b25ef50)
0x000000005b25ef50:   0000000000000000 0000000000000000
0x000000005b25ef60:   0000000000000000 0000000000000000
0x000000005b25ef70:   0000000058d00800 0000000000000000
0x000000005b25ef80:   000000005b25f170 000000005b25f080
0x000000005b25ef90:   ffffffffffffffff 0000000000000001
0x000000005b25efa0:   00000000598e0b28 0000000180005f3f
0x000000005b25efb0:   0000000058d009f8 0000000058d009f8
0x000000005b25efc0:   0000000000000001 000000005b25efe0
0x000000005b25efd0:   0000000000000001 00000000ffffffff
0x000000005b25efe0:   000000005b25f079 000000005b25f080
0x000000005b25eff0:   0000000058ec4400 0000000058d00800
0x000000005b25f000:   0000000000000181 000000006f81374e
0x000000005b25f010:   0000000000000000 0000000000000000
0x000000005b25f020:   0000000000000000 0000000058d00800
0x000000005b25f030:   0000461e388f41c2 000000005a571530
0x000000005b25f040:   0000000000000000 0000000016dc77b0 

Instructions: (pc=0x0000000180005b6b)
0x0000000180005b4b:   31 00 00 85 c0 78 33 74 06 03 d8 2b f8 eb 0a b9
0x0000000180005b5b:   e8 03 00 00 e8 1c 1c 00 00 41 3b dd 7c b7 8b c3
0x0000000180005b6b:   45 89 74 24 08 48 8b 5c 24 60 48 83 c4 20 41 5f
0x0000000180005b7b:   41 5e 41 5d 41 5c 5f 5e 5d c3 e8 1e 61 00 00 83 


Register to memory mapping:

RAX=0x00000000ffffffff is an unallocated location in the heap
RBX=0x0000000000000000 is an unknown value
RCX=0x0000000000000000 is an unknown value
RDX=0x0000000000000000 is an unknown value
RSP=0x000000005b25ef50 is pointing into the stack for thread: 0x0000000058d00800
RBP=0x00000000ffffffff is an unallocated location in the heap
RSI=0x0000000000000004 is an unknown value
RDI=0x0000000000000001 is an unknown value
R8 =0x000007fffff86000 is an unknown value
R9 =0x0000000180000000 is an unknown value
R10=0x0000000000000000 is an unknown value
R11=0x0000000000000200 is an unknown value
R12=0x000000005aeff370 is an unknown value
R13=0x0000000000000001 is an unknown value
R14=0x0000000000000000 is an unknown value
R15=0x0000000000000000 is an unknown value


Stack: [0x000000005b160000,0x000000005b260000],  sp=0x000000005b25ef50,  free space=1019k
Native frames: (J=compiled Java code, j=interpreted, Vv=VM code, C=native code)
C  [rxtxSerial.dll+0x5b6b]
C  [rxtxSerial.dll+0x5f3f]
C  0x0000000002cf5779

Java frames: (J=compiled Java code, j=interpreted, Vv=VM code)
J 1710  gnu.io.RXTXPort.readByte()I (0 bytes) @ 0x0000000002cf56fb [0x0000000002cf56c0+0x3b]
J 1709 C1 gnu.io.RXTXPort$SerialInputStream.read()I (167 bytes) @ 0x0000000002cf60c4 [0x0000000002cf5ae0+0x5e4]
j  FrmTristone.frmDigitalScale$ReadSerial.run()V+4
j  java.lang.Thread.run()V+11
v  ~StubRoutines::call_stub

---------------  P R O C E S S  ---------------

Java Threads: ( => current thread )
=>0x0000000058d00800 JavaThread "Thread-2" [_thread_in_native, id=16976, stack(0x000000005b160000,0x000000005b260000)]
  0x0000000058cff000 JavaThread "Abandoned connection cleanup thread" daemon [_thread_blocked, id=12928, stack(0x000000005ab60000,0x000000005ac60000)]
  0x0000000058d00000 JavaThread "TimerQueue" daemon [_thread_blocked, id=14264, stack(0x000000005b630000,0x000000005b730000)]
  0x0000000058cfd800 JavaThread "DestroyJavaVM" [_thread_blocked, id=15600, stack(0x00000000022e0000,0x00000000023e0000)]
  0x0000000058cfd000 JavaThread "AWT-EventQueue-0" [_thread_blocked, id=15752, stack(0x000000005a320000,0x000000005a420000)]
  0x0000000058cfc000 JavaThread "AWT-Windows" daemon [_thread_in_native, id=8512, stack(0x000000005a220000,0x000000005a320000)]
  0x0000000058cfb800 JavaThread "AWT-Shutdown" [_thread_blocked, id=12640, stack(0x000000005a000000,0x000000005a100000)]
  0x0000000058cfa800 JavaThread "Java2D Disposer" daemon [_thread_blocked, id=11628, stack(0x0000000059e00000,0x0000000059f00000)]
  0x0000000058cfa000 JavaThread "Service Thread" daemon [_thread_blocked, id=15352, stack(0x0000000059500000,0x0000000059600000)]
  0x0000000058c89000 JavaThread "C1 CompilerThread2" daemon [_thread_blocked, id=15860, stack(0x00000000593e0000,0x00000000594e0000)]
  0x0000000058c63800 JavaThread "C2 CompilerThread1" daemon [_thread_blocked, id=7792, stack(0x0000000059160000,0x0000000059260000)]
  0x00000000575c3800 JavaThread "C2 CompilerThread0" daemon [_thread_blocked, id=11016, stack(0x0000000058700000,0x0000000058800000)]
  0x00000000575bf800 JavaThread "Attach Listener" daemon [_thread_blocked, id=11464, stack(0x0000000058b60000,0x0000000058c60000)]
  0x00000000575be000 JavaThread "Signal Dispatcher" daemon [_thread_blocked, id=7224, stack(0x00000000589e0000,0x0000000058ae0000)]
  0x00000000575aa000 JavaThread "Finalizer" daemon [_thread_blocked, id=16412, stack(0x00000000584f0000,0x00000000585f0000)]
  0x0000000057562800 JavaThread "Reference Handler" daemon [_thread_blocked, id=10748, stack(0x0000000058870000,0x0000000058970000)]

Other Threads:
  0x000000005755b000 VMThread [stack: 0x00000000585f0000,0x00000000586f0000] [id=15416]
  0x0000000058d12800 WatcherThread [stack: 0x00000000592c0000,0x00000000593c0000] [id=16728]

VM state:not at safepoint (normal execution)

VM Mutex/Monitor currently owned by a thread: None

Heap:
 PSYoungGen      total 38400K, used 21635K [0x00000000d5d00000, 0x00000000d8780000, 0x0000000100000000)
  eden space 33280K, 49% used [0x00000000d5d00000,0x00000000d6d24058,0x00000000d7d80000)
  from space 5120K, 99% used [0x00000000d7d80000,0x00000000d827cf60,0x00000000d8280000)
  to   space 5120K, 0% used [0x00000000d8280000,0x00000000d8280000,0x00000000d8780000)
 ParOldGen       total 87552K, used 11707K [0x0000000081600000, 0x0000000086b80000, 0x00000000d5d00000)
  object space 87552K, 13% used [0x0000000081600000,0x000000008216ed88,0x0000000086b80000)
 Metaspace       used 20059K, capacity 20336K, committed 20480K, reserved 1067008K
  class space    used 2431K, capacity 2514K, committed 2560K, reserved 1048576K

Card table byte_map: [0x0000000011b50000,0x0000000011f50000] byte_map_base: 0x0000000011745000

Marking Bits: (ParMarkBitMap*) 0x000000006fdea6c0
 Begin Bits: [0x0000000012880000, 0x0000000014828000)
 End Bits:   [0x0000000014828000, 0x00000000167d0000)

Polling page: 0x0000000000230000

CodeCache: size=245760Kb used=6369Kb max_used=6395Kb free=239390Kb
 bounds [0x0000000002790000, 0x0000000002de0000, 0x0000000011790000]
 total_blobs=2551 nmethods=1947 adapters=516
 compilation: enabled

Compilation events (10 events):
Event: 48.939 Thread 0x0000000058c63800 2087       4       java.util.ArrayList::add (29 bytes)
Event: 48.942 Thread 0x0000000058c89000 2088       1       sun.awt.image.PixelConverter$Argb::rgbToPixel (2 bytes)
Event: 48.942 Thread 0x0000000058c89000 nmethod 2088 0x0000000002ab9190 code [0x0000000002ab92e0, 0x0000000002ab93f0]
Event: 48.942 Thread 0x0000000058c89000 2089       3       java.awt.geom.Rectangle2D$Double::<init> (15 bytes)
Event: 48.943 Thread 0x0000000058c89000 nmethod 2089 0x00000000028e9e90 code [0x00000000028ea000, 0x00000000028ea2f0]
Event: 48.943 Thread 0x0000000058c89000 2090       3       java.awt.geom.Rectangle2D$Double::setRect (23 bytes)
Event: 48.943 Thread 0x0000000058c89000 nmethod 2090 0x0000000002b973d0 code [0x0000000002b97520, 0x0000000002b97690]
Event: 48.944 Thread 0x0000000058c63800 nmethod 2087 0x0000000002a34590 code [0x0000000002a346e0, 0x0000000002a349e8]
Event: 49.593 Thread 0x0000000058c89000 2091       3       java.awt.Component::eventTypeEnabled (487 bytes)
Event: 49.594 Thread 0x0000000058c89000 nmethod 2091 0x0000000002ac5310 code [0x0000000002ac54c0, 0x0000000002ac5f30]

GC Heap History (2 events):
Event: 27.132 GC heap before
{Heap before GC invocations=1 (full 0):
 PSYoungGen      total 38400K, used 33280K [0x00000000d5d00000, 0x00000000d8780000, 0x0000000100000000)
  eden space 33280K, 100% used [0x00000000d5d00000,0x00000000d7d80000,0x00000000d7d80000)
  from space 5120K, 0% used [0x00000000d8280000,0x00000000d8280000,0x00000000d8780000)
  to   space 5120K, 0% used [0x00000000d7d80000,0x00000000d7d80000,0x00000000d8280000)
 ParOldGen       total 87552K, used 0K [0x0000000081600000, 0x0000000086b80000, 0x00000000d5d00000)
  object space 87552K, 0% used [0x0000000081600000,0x0000000081600000,0x0000000086b80000)
 Metaspace       used 16885K, capacity 17116K, committed 17280K, reserved 1064960K
  class space    used 2027K, capacity 2122K, committed 2176K, reserved 1048576K
Event: 27.162 GC heap after
Heap after GC invocations=1 (full 0):
 PSYoungGen      total 38400K, used 5107K [0x00000000d5d00000, 0x00000000d8780000, 0x0000000100000000)
  eden space 33280K, 0% used [0x00000000d5d00000,0x00000000d5d00000,0x00000000d7d80000)
  from space 5120K, 99% used [0x00000000d7d80000,0x00000000d827cf60,0x00000000d8280000)
  to   space 5120K, 0% used [0x00000000d8280000,0x00000000d8280000,0x00000000d8780000)
 ParOldGen       total 87552K, used 11707K [0x0000000081600000, 0x0000000086b80000, 0x00000000d5d00000)
  object space 87552K, 13% used [0x0000000081600000,0x000000008216ed88,0x0000000086b80000)
 Metaspace       used 16885K, capacity 17116K, committed 17280K, reserved 1064960K
  class space    used 2027K, capacity 2122K, committed 2176K, reserved 1048576K
}

Deoptimization events (10 events):
Event: 15.866 Thread 0x0000000058cfd000 Uncommon trap: reason=class_check action=maybe_recompile pc=0x00000000028fe398 method=java.lang.String.equals(Ljava/lang/Object;)Z @ 8
Event: 16.882 Thread 0x0000000058cfd000 Uncommon trap: reason=unstable_if action=reinterpret pc=0x0000000002a2fa00 method=java.lang.String.trim()Ljava/lang/String; @ 44
Event: 16.950 Thread 0x0000000058cfd000 Uncommon trap: reason=unstable_if action=reinterpret pc=0x0000000002a9921c method=java.util.Properties.loadConvert([CII[C)Ljava/lang/String; @ 4
Event: 16.951 Thread 0x0000000058cfd000 Uncommon trap: reason=unstable_if action=reinterpret pc=0x0000000002a93648 method=java.util.Properties$LineReader.readLine()I @ 252
Event: 16.956 Thread 0x0000000058cfd000 Uncommon trap: reason=unstable_if action=reinterpret pc=0x0000000002a955e8 method=java.lang.String.indexOf([CII[CIII)I @ 3
Event: 23.301 Thread 0x0000000058cfd000 Uncommon trap: reason=class_check action=maybe_recompile pc=0x00000000028fe398 method=java.lang.String.equals(Ljava/lang/Object;)Z @ 8
Event: 23.301 Thread 0x0000000058cfd000 Uncommon trap: reason=class_check action=maybe_recompile pc=0x00000000028fe398 method=java.lang.String.equals(Ljava/lang/Object;)Z @ 8
Event: 32.712 Thread 0x0000000058cfd000 Uncommon trap: reason=unstable_if action=reinterpret pc=0x0000000002c38378 method=com.mysql.jdbc.util.ReadAheadInputStream.read()I @ 12
Event: 32.754 Thread 0x0000000058cfd000 Uncommon trap: reason=unstable_if action=reinterpret pc=0x0000000002ac5808 method=java.util.Properties$LineReader.readLine()I @ 377
Event: 33.042 Thread 0x0000000058cfd000 Uncommon trap: reason=unstable_if action=reinterpret pc=0x0000000002b83d44 method=sun.util.logging.PlatformLogger.isLoggable(Lsun/util/logging/PlatformLogger$Level;)Z @ 18

Internal exceptions (10 events):
Event: 0.424 Thread 0x000000000217e800 Exception <a 'java/lang/ClassNotFoundException': Tree> (0x00000000d6130cc8) thrown at [C:\re\workspace\8-2-build-windows-amd64-cygwin\jdk8u111\7883\hotspot\src\share\vm\classfile\systemDictionary.cpp, line 210]
Event: 0.425 Thread 0x000000000217e800 Exception <a 'java/lang/ClassNotFoundException': Tree> (0x00000000d6131408) thrown at [C:\re\workspace\8-2-build-windows-amd64-cygwin\jdk8u111\7883\hotspot\src\share\vm\classfile\systemDictionary.cpp, line 210]
Event: 0.425 Thread 0x000000000217e800 Exception <a 'java/lang/ClassNotFoundException': javax/swing/JTreeCell> (0x00000000d6131788) thrown at [C:\re\workspace\8-2-build-windows-amd64-cygwin\jdk8u111\7883\hotspot\src\share\vm\classfile\systemDictionary.cpp, line 210]
Event: 0.425 Thread 0x000000000217e800 Exception <a 'java/lang/ClassNotFoundException': TreeCell> (0x00000000d6131c10) thrown at [C:\re\workspace\8-2-build-windows-amd64-cygwin\jdk8u111\7883\hotspot\src\share\vm\classfile\systemDictionary.cpp, line 210]
Event: 0.427 Thread 0x000000000217e800 Exception <a 'java/lang/ClassNotFoundException': RootPane> (0x00000000d6132670) thrown at [C:\re\workspace\8-2-build-windows-amd64-cygwin\jdk8u111\7883\hotspot\src\share\vm\classfile\systemDictionary.cpp, line 210]
Event: 23.657 Thread 0x0000000058cfd000 Exception <a 'java/io/FileNotFoundException'> (0x00000000d774fde8) thrown at [C:\re\workspace\8-2-build-windows-amd64-cygwin\jdk8u111\7883\hotspot\src\share\vm\prims\jni.cpp, line 709]
Event: 23.669 Thread 0x0000000058cfd000 Exception <a 'java/io/FileNotFoundException'> (0x00000000d7766920) thrown at [C:\re\workspace\8-2-build-windows-amd64-cygwin\jdk8u111\7883\hotspot\src\share\vm\prims\jni.cpp, line 709]
Event: 23.671 Thread 0x0000000058cfd000 Exception <a 'java/io/FileNotFoundException'> (0x00000000d7776bd8) thrown at [C:\re\workspace\8-2-build-windows-amd64-cygwin\jdk8u111\7883\hotspot\src\share\vm\prims\jni.cpp, line 709]
Event: 23.683 Thread 0x0000000058cfd000 Exception <a 'java/io/FileNotFoundException'> (0x00000000d778d1f8) thrown at [C:\re\workspace\8-2-build-windows-amd64-cygwin\jdk8u111\7883\hotspot\src\share\vm\prims\jni.cpp, line 709]
Event: 33.004 Thread 0x0000000058cfd000 Exception <a 'java/lang/ArrayIndexOutOfBoundsException': 18> (0x00000000d69d76c8) thrown at [C:\re\workspace\8-2-build-windows-amd64-cygwin\jdk8u111\7883\hotspot\src\share\vm\interpreter\interpreterRuntime.cpp, line 366]

Events (10 events):
Event: 47.943 Thread 0x0000000058c89000 flushing nmethod 0x0000000002ab9190
Event: 47.943 Thread 0x0000000058c89000 flushing nmethod 0x0000000002ac2ed0
Event: 47.943 Thread 0x0000000058c89000 flushing nmethod 0x0000000002ac5110
Event: 47.943 Thread 0x0000000058c89000 flushing nmethod 0x0000000002ae01d0
Event: 48.942 Thread 0x0000000058c89000 flushing nmethod 0x0000000002b3a890
Event: 48.943 Thread 0x0000000058c89000 flushing nmethod 0x0000000002b973d0
Event: 48.944 Thread 0x0000000058c63800 flushing nmethod 0x0000000002c381d0
Event: 49.934 Executing VM operation: RevokeBias
Event: 49.934 Executing VM operation: RevokeBias done
Event: 49.936 Thread 0x0000000058cfe800 Thread exited: 0x0000000058cfe800


Dynamic libraries:
0x000000013f090000 - 0x000000013f0c7000 	C:\Program Files\Java\jdk1.8.0_111\jre\bin\java.exe
0x0000000077c10000 - 0x0000000077db9000 	C:\Windows\SYSTEM32\ntdll.dll
0x00000000779f0000 - 0x0000000077b0f000 	C:\Windows\system32\kernel32.dll
0x000007fefdcd0000 - 0x000007fefdd3b000 	C:\Windows\system32\KERNELBASE.dll
0x000007feff680000 - 0x000007feff75b000 	C:\Windows\system32\ADVAPI32.dll
0x000007fefed30000 - 0x000007fefedcf000 	C:\Windows\system32\msvcrt.dll
0x000007fefef00000 - 0x000007fefef1f000 	C:\Windows\SYSTEM32\sechost.dll
0x000007fefedd0000 - 0x000007fefeefd000 	C:\Windows\system32\RPCRT4.dll
0x0000000077b10000 - 0x0000000077c0a000 	C:\Windows\system32\USER32.dll
0x000007fefdf30000 - 0x000007fefdf97000 	C:\Windows\system32\GDI32.dll
0x000007feff210000 - 0x000007feff21e000 	C:\Windows\system32\LPK.dll
0x000007feff5b0000 - 0x000007feff679000 	C:\Windows\system32\USP10.dll
0x000007fefc3a0000 - 0x000007fefc594000 	C:\Windows\WinSxS\amd64_microsoft.windows.common-controls_6595b64144ccf1df_6.0.7601.17514_none_fa396087175ac9ac\COMCTL32.dll
0x000007fefef30000 - 0x000007fefefa1000 	C:\Windows\system32\SHLWAPI.dll
0x000007feffbe0000 - 0x000007feffc0e000 	C:\Windows\system32\IMM32.DLL
0x000007feffad0000 - 0x000007feffbd9000 	C:\Windows\system32\MSCTF.dll
0x0000000079170000 - 0x0000000079242000 	C:\Program Files\Java\jdk1.8.0_111\jre\bin\msvcr100.dll
0x000000006f5d0000 - 0x000000006fe6a000 	C:\Program Files\Java\jdk1.8.0_111\jre\bin\server\jvm.dll
0x000007fef8570000 - 0x000007fef8579000 	C:\Windows\system32\WSOCK32.dll
0x000007feff980000 - 0x000007feff9cd000 	C:\Windows\system32\WS2_32.dll
0x000007fefef20000 - 0x000007fefef28000 	C:\Windows\system32\NSI.dll
0x000007fef8270000 - 0x000007fef82ab000 	C:\Windows\system32\WINMM.dll
0x000007fefccc0000 - 0x000007fefcccc000 	C:\Windows\system32\VERSION.dll
0x0000000077de0000 - 0x0000000077de7000 	C:\Windows\system32\PSAPI.DLL
0x0000000070c50000 - 0x0000000070c5f000 	C:\Program Files\Java\jdk1.8.0_111\jre\bin\verify.dll
0x000000006cb10000 - 0x000000006cb39000 	C:\Program Files\Java\jdk1.8.0_111\jre\bin\java.dll
0x0000000070100000 - 0x0000000070116000 	C:\Program Files\Java\jdk1.8.0_111\jre\bin\zip.dll
0x000007fefdfa0000 - 0x000007fefed28000 	C:\Windows\system32\SHELL32.dll
0x000007feff220000 - 0x000007feff423000 	C:\Windows\system32\ole32.dll
0x000007fefdb60000 - 0x000007fefdb6f000 	C:\Windows\system32\profapi.dll
0x000000006ccd0000 - 0x000000006ce68000 	C:\Program Files\Java\jdk1.8.0_111\jre\bin\awt.dll
0x000007feff9d0000 - 0x000007feffaa7000 	C:\Windows\system32\OLEAUT32.dll
0x000007fefc2f0000 - 0x000007fefc346000 	C:\Windows\system32\uxtheme.dll
0x000007fefbf10000 - 0x000007fefbf28000 	C:\Windows\system32\dwmapi.dll
0x000007fefda90000 - 0x000007fefda9f000 	C:\Windows\system32\CRYPTBASE.dll
0x000000006c850000 - 0x000000006c897000 	C:\Program Files\Java\jdk1.8.0_111\jre\bin\fontmanager.dll
0x000007feff490000 - 0x000007feff529000 	C:\Windows\system32\CLBCatQ.DLL
0x000007fefbda0000 - 0x000007fefbeca000 	C:\Windows\system32\WindowsCodecs.dll
0x000007fefda30000 - 0x000007fefda87000 	C:\Windows\system32\apphelp.dll
0x000007fefa530000 - 0x000007fefaa19000 	C:\Program Files (x86)\Acronis\TrueImageHome\tishell64.dll
0x000007fefaf10000 - 0x000007fefaf28000 	C:\Windows\system32\MPR.dll
0x000007fefa400000 - 0x000007fefa525000 	C:\Windows\system32\dbghelp.dll
0x000007fefa390000 - 0x000007fefa398000 	C:\Windows\system32\IconCodecService.dll
0x000007fefa380000 - 0x000007fefa387000 	C:\Windows\system32\shfolder.DLL
0x000007feffc10000 - 0x000007feffde7000 	C:\Windows\system32\SETUPAPI.dll
0x000007fefdef0000 - 0x000007fefdf26000 	C:\Windows\system32\CFGMGR32.dll
0x000007fefdc10000 - 0x000007fefdc2a000 	C:\Windows\system32\DEVOBJ.dll
0x000007fef9400000 - 0x000007fef9460000 	C:\Program Files (x86)\Dropbox\Client\DropboxExt64.27.0.dll
0x000007fefb860000 - 0x000007fefb863000 	C:\Windows\system32\api-ms-win-core-synch-l1-2-0.DLL
0x000007fefc8c0000 - 0x000007fefc9ec000 	C:\Windows\system32\propsys.dll
0x000007fefb5a0000 - 0x000007fefb5cd000 	C:\Windows\system32\ntmarta.dll
0x000007feff430000 - 0x000007feff482000 	C:\Windows\system32\WLDAP32.dll
0x000007fef9350000 - 0x000007fef936f000 	C:\Windows\system32\thumbcache.dll
0x000007fef8580000 - 0x000007fef85eb000 	C:\Windows\system32\PhotoMetadataHandler.dll
0x000000006f480000 - 0x000000006f49a000 	C:\Program Files\Java\jdk1.8.0_111\jre\bin\net.dll
0x000007fefd3d0000 - 0x000007fefd425000 	C:\Windows\system32\mswsock.dll
0x000007fefd3c0000 - 0x000007fefd3c7000 	C:\Windows\System32\wship6.dll
0x000000006ff20000 - 0x000000006ff31000 	C:\Program Files\Java\jdk1.8.0_111\jre\bin\nio.dll
0x0000000070810000 - 0x0000000070852000 	C:\Program Files\Java\jdk1.8.0_111\jre\bin\t2k.dll
0x000000006ca40000 - 0x000000006ca6a000 	C:\Program Files\Java\jdk1.8.0_111\jre\bin\dcpr.dll
0x0000000180000000 - 0x0000000180025000 	C:\Program Files\Java\jdk1.8.0_111\jre\bin\rxtxSerial.dll
0x000007fefcd90000 - 0x000007fefcd97000 	C:\Windows\System32\wshtcpip.dll
0x000007fefd250000 - 0x000007fefd2ab000 	C:\Windows\system32\DNSAPI.dll
0x0000000074580000 - 0x00000000745a6000 	C:\Program Files\Bonjour\mdnsNSP.dll
0x000007fefb000000 - 0x000007fefb027000 	C:\Windows\system32\Iphlpapi.DLL
0x000007fefaff0000 - 0x000007fefaffb000 	C:\Windows\system32\WINNSI.DLL
0x000007fef8380000 - 0x000007fef8388000 	C:\Windows\system32\rasadhlp.dll
0x000007fefa200000 - 0x000007fefa253000 	C:\Windows\System32\fwpuclnt.dll

VM Arguments:
jvm_args: -Dfile.encoding=UTF-8 
java_command: FrmTristone.frmEmployee
java_class_path (initial): C:\Program Files\NetBeans 8.2\ide\modules\ext\mysql-connector-java-5.1.23-bin.jar;C:\Users\Ulises\Desktop\SWTristone\4.- Librerias\librerias\gson-2.8.2.jar;C:\Users\Ulises\Desktop\SWTristone\4.- Librerias\librerias\spring-amqp-2.0.0.RELEASE.jar;C:\Users\Ulises\Desktop\SWTristone\4.- Librerias\librerias\spring-context-4.2.2.RELEASE.jar;C:\Users\Ulises\Desktop\SWTristone\4.- Librerias\librerias\spring-rabbit-1.5.5.RELEASE.jar;C:\Users\Ulises\Desktop\SWTristone\4.- Librerias\librerias\jar_files\spring-beans-5.1.4.RELEASE.jar;C:\Users\Ulises\Downloads\mfz-rxtx-2.2-20081207-win-x64\mfz-rxtx-2.2-20081207-win-x64\RXTXcomm.jar;C:\Users\Ulises\Downloads\rxtxcomm-2.2.jar\rxtxcomm-2.2.jar;C:\Tristone\lib\amqp-client-5.6.0-javadoc.jar;C:\Tristone\lib\amqp-client-5.6.0.jar;C:\Users\Ulises\Downloads\slf4j-1.7.26\slf4j-1.7.26\slf4j-api-1.7.26.jar;C:\Users\Ulises\Downloads\slf4j-1.7.26\slf4j-1.7.26\slf4j-jdk14-1.7.26.jar;C:\Users\Ulises\Documents\NetBeansProjects\TristoneCOM\Tristone\build\classes
Launcher Type: SUN_STANDARD

Environment Variables:
PATH=C:\Program Files (x86)\Common Files\Oracle\Java\javapath;C:\Windows\system32;C:\Windows;C:\Windows\System32\Wbem;C:\Windows\System32\WindowsPowerShell\v1.0\;C:\Program Files\Microsoft SQL Server\Client SDK\ODBC\110\Tools\Binn\;C:\Program Files (x86)\Microsoft SQL Server\120\Tools\Binn\;C:\Program Files\Microsoft SQL Server\120\Tools\Binn\;C:\Program Files\Microsoft SQL Server\120\DTS\Binn\;C:\Program Files (x86)\Microsoft SQL Server\120\Tools\Binn\ManagementStudio\;C:\Program Files (x86)\Microsoft SQL Server\120\DTS\Binn\;C:\Windows\system32\config\systemprofile\.dnx\bin;C:\Program Files\Microsoft DNX\Dnvm\;C:\Program Files\Microsoft SQL Server\130\Tools\Binn\;C:\Program Files\TortoiseSVN\bin;C:\xampp\php;C:\composer;C:\Program Files\dotnet\;C:\Program Files\PuTTY\;C:\Program Files (x86)\Common Files\Acronis\VirtualFile\;C:\Program Files (x86)\Common Files\Acronis\VirtualFile64\;C:\Program Files (x86)\Common Files\Acronis\FileProtector\;C:\Program Files (x86)\Common Files\Acronis\FileProtector64\;C:\Program Files (x86)\Common Files\Acronis\SnapAPI\;C:\Users\Ulises\AppData\Roaming\Composer\vendor\bin;C:\Users\Ulises\AppData\Local\Programs\Microsoft VS Code\bin
USERNAME=Ulises
OS=Windows_NT
PROCESSOR_IDENTIFIER=Intel64 Family 6 Model 42 Stepping 7, GenuineIntel



---------------  S Y S T E M  ---------------

OS: Windows 7 , 64 bit Build 7601 (6.1.7601.18015)

CPU:total 4 (2 cores per cpu, 2 threads per core) family 6 model 42 stepping 7, cmov, cx8, fxsr, mmx, sse, sse2, sse3, ssse3, sse4.1, sse4.2, popcnt, avx, aes, clmul, ht, tsc, tscinvbit

Memory: 4k page, physical 8293056k(2308900k free), swap 16584256k(8941728k free)

vm_info: Java HotSpot(TM) 64-Bit Server VM (25.111-b14) for windows-amd64 JRE (1.8.0_111-b14), built on Sep 22 2016 19:24:05 by "java_re" with MS VC++ 10.0 (VS2010)

time: Mon Jul 29 22:28:45 2019
elapsed time: 49 seconds (0d 0h 0m 49s)

