#
# A fatal error has been detected by the Java Runtime Environment:
#
#  EXCEPTION_ACCESS_VIOLATION (0xc0000005) at pc=0x0000000180005b6b, pid=8764, tid=0x000000000000131c
#
# JRE version: Java(TM) SE Runtime Environment (8.0_111-b14) (build 1.8.0_111-b14)
# Java VM: Java HotSpot(TM) 64-Bit Server VM (25.111-b14 mixed mode windows-amd64 compressed oops)
# Problematic frame:
# C  [rxtxSerial.dll+0x5b6b]
#
# Failed to write core dump. Minidumps are not enabled by default on client versions of Windows
#
# If you would like to submit a bug report, please visit:
#   http://bugreport.java.com/bugreport/crash.jsp
# The crash happened outside the Java Virtual Machine in native code.
# See problematic frame for where to report the bug.
#

---------------  T H R E A D  ---------------

Current thread (0x000000005cc60800):  JavaThread "Thread-2" [_thread_in_native, id=4892, stack(0x000000005db90000,0x000000005dc90000)]

siginfo: ExceptionCode=0xc0000005, writing address 0x000000005ddbf1a8

Registers:
RAX=0x00000000ffffffff, RBX=0x0000000000000000, RCX=0x0000000000000000, RDX=0x0000000000000000
RSP=0x000000005dc8f0a0, RBP=0x00000000ffffffff, RSI=0x0000000000000007, RDI=0x0000000000000001
R8 =0x000007fffff86000, R9 =0x0000000180000000, R10=0x0000000000000000, R11=0x0000000000000200
R12=0x000000005ddbf1a0, R13=0x0000000000000001, R14=0x0000000000000000, R15=0x0000000000000000
RIP=0x0000000180005b6b, EFLAGS=0x0000000000010286

Top of Stack: (sp=0x000000005dc8f0a0)
0x000000005dc8f0a0:   0000000000000000 0000000000000000
0x000000005dc8f0b0:   0000000000000000 0000000000000000
0x000000005dc8f0c0:   000000005cc60800 000000005dc8f240
0x000000005dc8f0d0:   000000005d9a5b38 000000005dc8f240
0x000000005dc8f0e0:   ffffffffffffffff 0000000000000001
0x000000005dc8f0f0:   0000000059c64238 0000000180005f3f
0x000000005dc8f100:   000000005cc609f8 000000005cc609f8
0x000000005dc8f110:   0000000000000001 000000005dc8f130
0x000000005dc8f120:   0000000000000001 00000000ffffffff
0x000000005dc8f130:   000000005dc8f5c8 000000005dc8f240
0x000000005dc8f140:   000000005d9a5b40 0000000063ddc974
0x000000005dc8f150:   000000005d9a5b40 000000005cc60800
0x000000005dc8f160:   000000005d9a5b40 000000005cc60800
0x000000005dc8f170:   00000000ffffffff 0000000002797de6
0x000000005dc8f180:   000028dcba52b99a 000000005cc60800
0x000000005dc8f190:   0000000000000000 00000000ffffffff 

Instructions: (pc=0x0000000180005b6b)
0x0000000180005b4b:   31 00 00 85 c0 78 33 74 06 03 d8 2b f8 eb 0a b9
0x0000000180005b5b:   e8 03 00 00 e8 1c 1c 00 00 41 3b dd 7c b7 8b c3
0x0000000180005b6b:   45 89 74 24 08 48 8b 5c 24 60 48 83 c4 20 41 5f
0x0000000180005b7b:   41 5e 41 5d 41 5c 5f 5e 5d c3 e8 1e 61 00 00 83 


Register to memory mapping:

RAX=0x00000000ffffffff is an unallocated location in the heap
RBX=0x0000000000000000 is an unknown value
RCX=0x0000000000000000 is an unknown value
RDX=0x0000000000000000 is an unknown value
RSP=0x000000005dc8f0a0 is pointing into the stack for thread: 0x000000005cc60800
RBP=0x00000000ffffffff is an unallocated location in the heap
RSI=0x0000000000000007 is an unknown value
RDI=0x0000000000000001 is an unknown value
R8 =0x000007fffff86000 is an unknown value
R9 =0x0000000180000000 is an unknown value
R10=0x0000000000000000 is an unknown value
R11=0x0000000000000200 is an unknown value
R12=0x000000005ddbf1a0 is an unknown value
R13=0x0000000000000001 is an unknown value
R14=0x0000000000000000 is an unknown value
R15=0x0000000000000000 is an unknown value


Stack: [0x000000005db90000,0x000000005dc90000],  sp=0x000000005dc8f0a0,  free space=1020k
Native frames: (J=compiled Java code, j=interpreted, Vv=VM code, C=native code)
C  [rxtxSerial.dll+0x5b6b]
C  [rxtxSerial.dll+0x5f3f]
C  0x0000000002797f54

Java frames: (J=compiled Java code, j=interpreted, Vv=VM code)
j  gnu.io.RXTXPort.readByte()I+0
j  gnu.io.RXTXPort$SerialInputStream.read()I+81
j  FrmTristone.frmDigitalScale$ReadSerial.run()V+4
j  java.lang.Thread.run()V+11
v  ~StubRoutines::call_stub

---------------  P R O C E S S  ---------------

Java Threads: ( => current thread )
  0x000000005cc60000 JavaThread "Timer-0" [_thread_blocked, id=8676, stack(0x000000005de40000,0x000000005df40000)]
=>0x000000005cc60800 JavaThread "Thread-2" [_thread_in_native, id=4892, stack(0x000000005db90000,0x000000005dc90000)]
  0x00000000597d9000 JavaThread "Abandoned connection cleanup thread" daemon [_thread_blocked, id=8120, stack(0x000000005b610000,0x000000005b710000)]
  0x0000000059a0f800 JavaThread "TimerQueue" daemon [_thread_blocked, id=7804, stack(0x000000005c660000,0x000000005c760000)]
  0x000000000224e800 JavaThread "DestroyJavaVM" [_thread_blocked, id=4800, stack(0x0000000002250000,0x0000000002350000)]
  0x0000000059774800 JavaThread "AWT-EventQueue-0" [_thread_in_Java, id=3692, stack(0x000000005b290000,0x000000005b390000)]
  0x0000000059708000 JavaThread "AWT-Windows" daemon [_thread_in_native, id=7764, stack(0x000000005a380000,0x000000005a480000)]
  0x0000000059707000 JavaThread "AWT-Shutdown" [_thread_blocked, id=8836, stack(0x000000005a150000,0x000000005a250000)]
  0x0000000059706800 JavaThread "Java2D Disposer" daemon [_thread_blocked, id=7188, stack(0x0000000059fc0000,0x000000005a0c0000)]
  0x0000000058c78800 JavaThread "Service Thread" daemon [_thread_blocked, id=11252, stack(0x0000000059470000,0x0000000059570000)]
  0x0000000058c2f800 JavaThread "C1 CompilerThread2" daemon [_thread_in_native, id=7724, stack(0x0000000059270000,0x0000000059370000)]
  0x0000000058bf1000 JavaThread "C2 CompilerThread1" daemon [_thread_blocked, id=10004, stack(0x0000000059080000,0x0000000059180000)]
  0x0000000057515800 JavaThread "C2 CompilerThread0" daemon [_thread_blocked, id=6828, stack(0x0000000058af0000,0x0000000058bf0000)]
  0x0000000057511000 JavaThread "Attach Listener" daemon [_thread_blocked, id=2900, stack(0x0000000058850000,0x0000000058950000)]
  0x0000000057510000 JavaThread "Signal Dispatcher" daemon [_thread_blocked, id=6640, stack(0x00000000589c0000,0x0000000058ac0000)]
  0x00000000574fa000 JavaThread "Finalizer" daemon [_thread_blocked, id=11076, stack(0x0000000058740000,0x0000000058840000)]
  0x00000000574b2800 JavaThread "Reference Handler" daemon [_thread_blocked, id=4444, stack(0x0000000058590000,0x0000000058690000)]

Other Threads:
  0x00000000574ab000 VMThread [stack: 0x0000000058400000,0x0000000058500000] [id=10168]
  0x0000000058c7e000 WatcherThread [stack: 0x00000000595a0000,0x00000000596a0000] [id=7668]

VM state:not at safepoint (normal execution)

VM Mutex/Monitor currently owned by a thread: None

Heap:
 PSYoungGen      total 38400K, used 32812K [0x00000000d5d00000, 0x00000000d8780000, 0x0000000100000000)
  eden space 33280K, 98% used [0x00000000d5d00000,0x00000000d7d0b1c0,0x00000000d7d80000)
  from space 5120K, 0% used [0x00000000d8280000,0x00000000d8280000,0x00000000d8780000)
  to   space 5120K, 0% used [0x00000000d7d80000,0x00000000d7d80000,0x00000000d8280000)
 ParOldGen       total 87552K, used 0K [0x0000000081600000, 0x0000000086b80000, 0x00000000d5d00000)
  object space 87552K, 0% used [0x0000000081600000,0x0000000081600000,0x0000000086b80000)
 Metaspace       used 16894K, capacity 17118K, committed 17280K, reserved 1064960K
  class space    used 2026K, capacity 2121K, committed 2176K, reserved 1048576K

Card table byte_map: [0x0000000011b40000,0x0000000011f40000] byte_map_base: 0x0000000011735000

Marking Bits: (ParMarkBitMap*) 0x00000000644ca6c0
 Begin Bits: [0x00000000127d0000, 0x0000000014778000)
 End Bits:   [0x0000000014778000, 0x0000000016720000)

Polling page: 0x0000000000130000

CodeCache: size=245760Kb used=5418Kb max_used=5418Kb free=240341Kb
 bounds [0x0000000002780000, 0x0000000002cd0000, 0x0000000011780000]
 total_blobs=2185 nmethods=1614 adapters=483
 compilation: enabled

Compilation events (10 events):
Event: 11.249 Thread 0x0000000058c2f800 nmethod 1549 0x0000000002c9c4d0 code [0x0000000002c9c640, 0x0000000002c9c7c8]
Event: 11.249 Thread 0x0000000058c2f800 1550       3       java.net.URI::access$300 (7 bytes)
Event: 11.250 Thread 0x0000000058c2f800 nmethod 1550 0x0000000002c9c850 code [0x0000000002c9c9c0, 0x0000000002c9cb28]
Event: 11.253 Thread 0x0000000058c2f800 1551       3       com.mysql.jdbc.Buffer::readInt (44 bytes)
Event: 11.253 Thread 0x0000000058bf1000 1552       4       com.mysql.jdbc.util.ReadAheadInputStream::read (54 bytes)
Event: 11.253 Thread 0x0000000058c2f800 nmethod 1551 0x0000000002c9cbd0 code [0x0000000002c9cd20, 0x0000000002c9ced0]
Event: 11.253 Thread 0x0000000058c2f800 1553       3       java.util.TreeMap::rotateRight (96 bytes)
Event: 11.254 Thread 0x0000000058c2f800 nmethod 1553 0x0000000002c9cfd0 code [0x0000000002c9d140, 0x0000000002c9d490]
Event: 11.254 Thread 0x0000000057515800 1554       4       java.lang.ThreadLocal$ThreadLocalMap::getEntry (42 bytes)
Event: 11.254 Thread 0x0000000058bf1000 nmethod 1552 0x0000000002c963d0 code [0x0000000002c96500, 0x0000000002c965b8]

GC Heap History (0 events):
No events

Deoptimization events (10 events):
Event: 0.638 Thread 0x0000000059708000 Uncommon trap: reason=unstable_if action=reinterpret pc=0x0000000002966450 method=java.util.HashMap.putVal(ILjava/lang/Object;Ljava/lang/Object;ZZ)Ljava/lang/Object; @ 206
Event: 5.466 Thread 0x0000000059774800 Uncommon trap: reason=class_check action=maybe_recompile pc=0x000000000290ffd8 method=java.lang.String.equals(Ljava/lang/Object;)Z @ 8
Event: 5.466 Thread 0x0000000059774800 Uncommon trap: reason=class_check action=maybe_recompile pc=0x000000000290ffd8 method=java.lang.String.equals(Ljava/lang/Object;)Z @ 8
Event: 5.767 Thread 0x0000000059774800 Uncommon trap: reason=unstable_if action=reinterpret pc=0x0000000002a3c9c0 method=java.lang.String.trim()Ljava/lang/String; @ 44
Event: 5.768 Thread 0x0000000059774800 Uncommon trap: reason=unstable_if action=reinterpret pc=0x0000000002a3d06c method=java.lang.CharacterDataLatin1.isWhitespace(I)Z @ 14
Event: 5.847 Thread 0x0000000059774800 Uncommon trap: reason=unstable_if action=reinterpret pc=0x0000000002a9da08 method=java.util.Properties$LineReader.readLine()I @ 252
Event: 5.848 Thread 0x0000000059774800 Uncommon trap: reason=unstable_if action=reinterpret pc=0x0000000002a8ee1c method=java.util.Properties.loadConvert([CII[C)Ljava/lang/String; @ 4
Event: 5.855 Thread 0x0000000059774800 Uncommon trap: reason=unstable_if action=reinterpret pc=0x0000000002aad8b8 method=java.lang.String.indexOf([CII[CIII)I @ 3
Event: 9.286 Thread 0x0000000059774800 Uncommon trap: reason=class_check action=maybe_recompile pc=0x000000000290ffd8 method=java.lang.String.equals(Ljava/lang/Object;)Z @ 8
Event: 9.286 Thread 0x0000000059774800 Uncommon trap: reason=class_check action=maybe_recompile pc=0x000000000290ffd8 method=java.lang.String.equals(Ljava/lang/Object;)Z @ 8

Internal exceptions (10 events):
Event: 0.438 Thread 0x000000000224e800 Exception <a 'java/lang/ClassNotFoundException': ToolTip> (0x00000000d612ccc8) thrown at [C:\re\workspace\8-2-build-windows-amd64-cygwin\jdk8u111\7883\hotspot\src\share\vm\classfile\systemDictionary.cpp, line 210]
Event: 0.439 Thread 0x000000000224e800 Exception <a 'java/lang/ClassNotFoundException': Tree> (0x00000000d612d8e8) thrown at [C:\re\workspace\8-2-build-windows-amd64-cygwin\jdk8u111\7883\hotspot\src\share\vm\classfile\systemDictionary.cpp, line 210]
Event: 0.439 Thread 0x000000000224e800 Exception <a 'java/lang/ClassNotFoundException': Tree> (0x00000000d612e028) thrown at [C:\re\workspace\8-2-build-windows-amd64-cygwin\jdk8u111\7883\hotspot\src\share\vm\classfile\systemDictionary.cpp, line 210]
Event: 0.439 Thread 0x000000000224e800 Exception <a 'java/lang/ClassNotFoundException': javax/swing/JTreeCell> (0x00000000d612e3a8) thrown at [C:\re\workspace\8-2-build-windows-amd64-cygwin\jdk8u111\7883\hotspot\src\share\vm\classfile\systemDictionary.cpp, line 210]
Event: 0.439 Thread 0x000000000224e800 Exception <a 'java/lang/ClassNotFoundException': TreeCell> (0x00000000d612e830) thrown at [C:\re\workspace\8-2-build-windows-amd64-cygwin\jdk8u111\7883\hotspot\src\share\vm\classfile\systemDictionary.cpp, line 210]
Event: 0.440 Thread 0x000000000224e800 Exception <a 'java/lang/ClassNotFoundException': RootPane> (0x00000000d612f290) thrown at [C:\re\workspace\8-2-build-windows-amd64-cygwin\jdk8u111\7883\hotspot\src\share\vm\classfile\systemDictionary.cpp, line 210]
Event: 11.139 Thread 0x0000000059774800 Exception <a 'java/io/FileNotFoundException'> (0x00000000d79a91c8) thrown at [C:\re\workspace\8-2-build-windows-amd64-cygwin\jdk8u111\7883\hotspot\src\share\vm\prims\jni.cpp, line 709]
Event: 11.158 Thread 0x0000000059774800 Exception <a 'java/io/FileNotFoundException'> (0x00000000d79bfd00) thrown at [C:\re\workspace\8-2-build-windows-amd64-cygwin\jdk8u111\7883\hotspot\src\share\vm\prims\jni.cpp, line 709]
Event: 11.160 Thread 0x0000000059774800 Exception <a 'java/io/FileNotFoundException'> (0x00000000d79cffc8) thrown at [C:\re\workspace\8-2-build-windows-amd64-cygwin\jdk8u111\7883\hotspot\src\share\vm\prims\jni.cpp, line 709]
Event: 11.178 Thread 0x0000000059774800 Exception <a 'java/io/FileNotFoundException'> (0x00000000d79e65d0) thrown at [C:\re\workspace\8-2-build-windows-amd64-cygwin\jdk8u111\7883\hotspot\src\share\vm\prims\jni.cpp, line 709]

Events (10 events):
Event: 11.183 loading class gnu/io/RXTXPort$SerialInputStream done
Event: 11.183 loading class gnu/io/Zystem
Event: 11.183 loading class gnu/io/Zystem done
Event: 11.184 loading class gnu/io/UnSupportedLoggerException
Event: 11.184 loading class gnu/io/UnSupportedLoggerException done
Event: 11.187 loading class gnu/io/RXTXPort$MonitorThread
Event: 11.187 loading class gnu/io/RXTXPort$MonitorThread done
Event: 11.189 Thread 0x000000005cc60000 Thread added: 0x000000005cc60000
Event: 11.194 Thread 0x000000005cc60800 Thread added: 0x000000005cc60800
Event: 11.198 Thread 0x000000005cc60000 Thread exited: 0x000000005cc60000


Dynamic libraries:
0x000000013fad0000 - 0x000000013fb07000 	C:\Program Files\Java\jdk1.8.0_111\jre\bin\java.exe
0x0000000077490000 - 0x0000000077639000 	C:\Windows\SYSTEM32\ntdll.dll
0x0000000077270000 - 0x000000007738f000 	C:\Windows\system32\kernel32.dll
0x000007fefd740000 - 0x000007fefd7ab000 	C:\Windows\system32\KERNELBASE.dll
0x000007fefd7b0000 - 0x000007fefd88b000 	C:\Windows\system32\ADVAPI32.dll
0x000007fefefd0000 - 0x000007feff06f000 	C:\Windows\system32\msvcrt.dll
0x000007feff700000 - 0x000007feff71f000 	C:\Windows\SYSTEM32\sechost.dll
0x000007feff070000 - 0x000007feff19d000 	C:\Windows\system32\RPCRT4.dll
0x0000000077390000 - 0x000000007748a000 	C:\Windows\system32\USER32.dll
0x000007feff730000 - 0x000007feff797000 	C:\Windows\system32\GDI32.dll
0x000007fefd890000 - 0x000007fefd89e000 	C:\Windows\system32\LPK.dll
0x000007fefd940000 - 0x000007fefda09000 	C:\Windows\system32\USP10.dll
0x000007fefbeb0000 - 0x000007fefc0a4000 	C:\Windows\WinSxS\amd64_microsoft.windows.common-controls_6595b64144ccf1df_6.0.7601.17514_none_fa396087175ac9ac\COMCTL32.dll
0x000007fefe880000 - 0x000007fefe8f1000 	C:\Windows\system32\SHLWAPI.dll
0x000007fefecc0000 - 0x000007fefecee000 	C:\Windows\system32\IMM32.DLL
0x000007feff410000 - 0x000007feff519000 	C:\Windows\system32\MSCTF.dll
0x0000000068180000 - 0x0000000068252000 	C:\Program Files\Java\jdk1.8.0_111\jre\bin\msvcr100.dll
0x0000000063cb0000 - 0x000000006454a000 	C:\Program Files\Java\jdk1.8.0_111\jre\bin\server\jvm.dll
0x000007fef7c00000 - 0x000007fef7c09000 	C:\Windows\system32\WSOCK32.dll
0x000007feff320000 - 0x000007feff36d000 	C:\Windows\system32\WS2_32.dll
0x000007feff720000 - 0x000007feff728000 	C:\Windows\system32\NSI.dll
0x000007fef7ac0000 - 0x000007fef7afb000 	C:\Windows\system32\WINMM.dll
0x000007fefc540000 - 0x000007fefc54c000 	C:\Windows\system32\VERSION.dll
0x0000000077650000 - 0x0000000077657000 	C:\Windows\system32\PSAPI.DLL
0x000000006a500000 - 0x000000006a50f000 	C:\Program Files\Java\jdk1.8.0_111\jre\bin\verify.dll
0x00000000682d0000 - 0x00000000682f9000 	C:\Program Files\Java\jdk1.8.0_111\jre\bin\java.dll
0x000000006a4e0000 - 0x000000006a4f6000 	C:\Program Files\Java\jdk1.8.0_111\jre\bin\zip.dll
0x000007fefdaf0000 - 0x000007fefe878000 	C:\Windows\system32\SHELL32.dll
0x000007fefe980000 - 0x000007fefeb83000 	C:\Windows\system32\ole32.dll
0x000007fefd3e0000 - 0x000007fefd3ef000 	C:\Windows\system32\profapi.dll
0x0000000067fe0000 - 0x0000000068178000 	C:\Program Files\Java\jdk1.8.0_111\jre\bin\awt.dll
0x000007fefda10000 - 0x000007fefdae7000 	C:\Windows\system32\OLEAUT32.dll
0x000007fefbdf0000 - 0x000007fefbe46000 	C:\Windows\system32\uxtheme.dll
0x000007fefb790000 - 0x000007fefb7a8000 	C:\Windows\system32\dwmapi.dll
0x000007fefd310000 - 0x000007fefd31f000 	C:\Windows\system32\CRYPTBASE.dll
0x0000000067f90000 - 0x0000000067fd7000 	C:\Program Files\Java\jdk1.8.0_111\jre\bin\fontmanager.dll
0x000007feff370000 - 0x000007feff409000 	C:\Windows\system32\CLBCatQ.DLL
0x000007fefb540000 - 0x000007fefb66a000 	C:\Windows\system32\WindowsCodecs.dll
0x000007fefd2b0000 - 0x000007fefd307000 	C:\Windows\system32\apphelp.dll
0x000007fef9d50000 - 0x000007fefa239000 	C:\Program Files (x86)\Acronis\TrueImageHome\tishell64.dll
0x000007fefa790000 - 0x000007fefa7a8000 	C:\Windows\system32\MPR.dll
0x000007fef9c20000 - 0x000007fef9d45000 	C:\Windows\system32\dbghelp.dll
0x000007fef9c10000 - 0x000007fef9c18000 	C:\Windows\system32\IconCodecService.dll
0x000007fef9bf0000 - 0x000007fef9bf7000 	C:\Windows\system32\shfolder.DLL
0x000007feff520000 - 0x000007feff6f7000 	C:\Windows\system32\SETUPAPI.dll
0x000007fefd700000 - 0x000007fefd736000 	C:\Windows\system32\CFGMGR32.dll
0x000007fefd6e0000 - 0x000007fefd6fa000 	C:\Windows\system32\DEVOBJ.dll
0x000007fef8d20000 - 0x000007fef8d80000 	C:\Program Files (x86)\Dropbox\Client\DropboxExt64.27.0.dll
0x000007fefb0b0000 - 0x000007fefb0b3000 	C:\Windows\system32\api-ms-win-core-synch-l1-2-0.DLL
0x000007fefbb20000 - 0x000007fefbc4c000 	C:\Windows\system32\propsys.dll
0x000007fefadf0000 - 0x000007fefae1d000 	C:\Windows\system32\ntmarta.dll
0x000007fefe900000 - 0x000007fefe952000 	C:\Windows\system32\WLDAP32.dll
0x000007fef8cf0000 - 0x000007fef8d0f000 	C:\Windows\system32\thumbcache.dll
0x000007fef8c80000 - 0x000007fef8ceb000 	C:\Windows\system32\PhotoMetadataHandler.dll
0x00000000682b0000 - 0x00000000682ca000 	C:\Program Files\Java\jdk1.8.0_111\jre\bin\net.dll
0x000007fefcba0000 - 0x000007fefcbf5000 	C:\Windows\system32\mswsock.dll
0x000007fefcb90000 - 0x000007fefcb97000 	C:\Windows\System32\wship6.dll
0x0000000068290000 - 0x00000000682a1000 	C:\Program Files\Java\jdk1.8.0_111\jre\bin\nio.dll
0x0000000067f40000 - 0x0000000067f82000 	C:\Program Files\Java\jdk1.8.0_111\jre\bin\t2k.dll
0x0000000067df0000 - 0x0000000067e1a000 	C:\Program Files\Java\jdk1.8.0_111\jre\bin\dcpr.dll
0x0000000180000000 - 0x0000000180025000 	C:\Program Files\Java\jdk1.8.0_111\jre\bin\rxtxSerial.dll

VM Arguments:
jvm_args: -Dfile.encoding=UTF-8 
java_command: FrmTristone.frmEmployee
java_class_path (initial): C:\Program Files\NetBeans 8.2\ide\modules\ext\mysql-connector-java-5.1.23-bin.jar;C:\Users\Ulises\Desktop\SWTristone\4.- Librerias\librerias\gson-2.8.2.jar;C:\Users\Ulises\Desktop\SWTristone\4.- Librerias\librerias\spring-amqp-2.0.0.RELEASE.jar;C:\Users\Ulises\Desktop\SWTristone\4.- Librerias\librerias\spring-context-4.2.2.RELEASE.jar;C:\Users\Ulises\Desktop\SWTristone\4.- Librerias\librerias\spring-rabbit-1.5.5.RELEASE.jar;C:\Users\Ulises\Desktop\SWTristone\4.- Librerias\librerias\jar_files\spring-beans-5.1.4.RELEASE.jar;C:\Users\Ulises\Downloads\mfz-rxtx-2.2-20081207-win-x64\mfz-rxtx-2.2-20081207-win-x64\RXTXcomm.jar;C:\Users\Ulises\Downloads\rxtxcomm-2.2.jar\rxtxcomm-2.2.jar;C:\Tristone\lib\amqp-client-5.6.0-javadoc.jar;C:\Tristone\lib\amqp-client-5.6.0.jar;C:\Tristone\lib\slf4j-api-1.7.25.jar;C:\Users\Ulises\Documents\NetBeansProjects\TristoneCOM\Tristone\build\classes
Launcher Type: SUN_STANDARD

Environment Variables:
PATH=C:\Program Files (x86)\Common Files\Oracle\Java\javapath;C:\Windows\system32;C:\Windows;C:\Windows\System32\Wbem;C:\Windows\System32\WindowsPowerShell\v1.0\;C:\Program Files\Microsoft SQL Server\Client SDK\ODBC\110\Tools\Binn\;C:\Program Files (x86)\Microsoft SQL Server\120\Tools\Binn\;C:\Program Files\Microsoft SQL Server\120\Tools\Binn\;C:\Program Files\Microsoft SQL Server\120\DTS\Binn\;C:\Program Files (x86)\Microsoft SQL Server\120\Tools\Binn\ManagementStudio\;C:\Program Files (x86)\Microsoft SQL Server\120\DTS\Binn\;C:\Windows\system32\config\systemprofile\.dnx\bin;C:\Program Files\Microsoft DNX\Dnvm\;C:\Program Files\Microsoft SQL Server\130\Tools\Binn\;C:\Program Files\TortoiseSVN\bin;C:\xampp\php;C:\composer;C:\Program Files\dotnet\;C:\Program Files\PuTTY\;C:\Program Files (x86)\Common Files\Acronis\VirtualFile\;C:\Program Files (x86)\Common Files\Acronis\VirtualFile64\;C:\Program Files (x86)\Common Files\Acronis\FileProtector\;C:\Program Files (x86)\Common Files\Acronis\FileProtector64\;C:\Program Files (x86)\Common Files\Acronis\SnapAPI\;C:\Users\Ulises\AppData\Roaming\Composer\vendor\bin;C:\Users\Ulises\AppData\Local\Programs\Microsoft VS Code\bin
USERNAME=Ulises
OS=Windows_NT
PROCESSOR_IDENTIFIER=Intel64 Family 6 Model 42 Stepping 7, GenuineIntel



---------------  S Y S T E M  ---------------

OS: Windows 7 , 64 bit Build 7601 (6.1.7601.18015)

CPU:total 4 (2 cores per cpu, 2 threads per core) family 6 model 42 stepping 7, cmov, cx8, fxsr, mmx, sse, sse2, sse3, ssse3, sse4.1, sse4.2, popcnt, avx, aes, clmul, ht, tsc, tscinvbit

Memory: 4k page, physical 8293056k(3373196k free), swap 16584256k(10278500k free)

vm_info: Java HotSpot(TM) 64-Bit Server VM (25.111-b14) for windows-amd64 JRE (1.8.0_111-b14), built on Sep 22 2016 19:24:05 by "java_re" with MS VC++ 10.0 (VS2010)

time: Sat Jun 22 08:32:33 2019
elapsed time: 11 seconds (0d 0h 0m 11s)

