#
# A fatal error has been detected by the Java Runtime Environment:
#
#  EXCEPTION_ACCESS_VIOLATION (0xc0000005) at pc=0x0000000180005b6b, pid=16056, tid=0x0000000000002a44
#
# JRE version: Java(TM) SE Runtime Environment (8.0_111-b14) (build 1.8.0_111-b14)
# Java VM: Java HotSpot(TM) 64-Bit Server VM (25.111-b14 mixed mode windows-amd64 compressed oops)
# Problematic frame:
# C  [rxtxSerial.dll+0x5b6b]
#
# Failed to write core dump. Minidumps are not enabled by default on client versions of Windows
#
# If you would like to submit a bug report, please visit:
#   http://bugreport.java.com/bugreport/crash.jsp
# The crash happened outside the Java Virtual Machine in native code.
# See problematic frame for where to report the bug.
#

---------------  T H R E A D  ---------------

Current thread (0x0000000059007000):  JavaThread "Thread-2" [_thread_in_native, id=10820, stack(0x000000005c3f0000,0x000000005c4f0000)]

siginfo: ExceptionCode=0xc0000005, writing address 0x000000005b5cf028

Registers:
RAX=0x00000000ffffffff, RBX=0x0000000000000000, RCX=0x0000000000000000, RDX=0x0000000000000000
RSP=0x000000005c4ef260, RBP=0x00000000ffffffff, RSI=0x0000000000000003, RDI=0x0000000000000001
R8 =0x000007fffff86000, R9 =0x0000000180000000, R10=0x0000000000000000, R11=0x0000000000000200
R12=0x000000005b5cf020, R13=0x0000000000000001, R14=0x0000000000000000, R15=0x0000000000000000
RIP=0x0000000180005b6b, EFLAGS=0x0000000000010286

Top of Stack: (sp=0x000000005c4ef260)
0x000000005c4ef260:   0000000000000000 0000000000000000
0x000000005c4ef270:   0000000000000000 0000000000000000
0x000000005c4ef280:   0000000059007000 0000000000000000
0x000000005c4ef290:   000000005c4ef480 000000005c4ef390
0x000000005c4ef2a0:   ffffffffffffffff 0000000000000001
0x000000005c4ef2b0:   0000000059dcc518 0000000180005f3f
0x000000005c4ef2c0:   00000000590071f8 00000000590071f8
0x000000005c4ef2d0:   0000000000000001 000000005c4ef2f0
0x000000005c4ef2e0:   0000000000000001 00000000ffffffff
0x000000005c4ef2f0:   0000461cba59ef0f 000000005c4ef390
0x000000005c4ef300:   0000000016d2f7b0 00000000d7d98310
0x000000005c4ef310:   000000005c4ef3d0 000000006f81374e
0x000000005c4ef320:   0000000000000000 000000005c4ef370
0x000000005c4ef330:   0000000059007000 0000000059007000
0x000000005c4ef340:   0000461c99198cd2 0000000002d25bd6
0x000000005c4ef350:   0000000000000000 0000000016d2f7b0 

Instructions: (pc=0x0000000180005b6b)
0x0000000180005b4b:   31 00 00 85 c0 78 33 74 06 03 d8 2b f8 eb 0a b9
0x0000000180005b5b:   e8 03 00 00 e8 1c 1c 00 00 41 3b dd 7c b7 8b c3
0x0000000180005b6b:   45 89 74 24 08 48 8b 5c 24 60 48 83 c4 20 41 5f
0x0000000180005b7b:   41 5e 41 5d 41 5c 5f 5e 5d c3 e8 1e 61 00 00 83 


Register to memory mapping:

RAX=0x00000000ffffffff is an unallocated location in the heap
RBX=0x0000000000000000 is an unknown value
RCX=0x0000000000000000 is an unknown value
RDX=0x0000000000000000 is an unknown value
RSP=0x000000005c4ef260 is pointing into the stack for thread: 0x0000000059007000
RBP=0x00000000ffffffff is an unallocated location in the heap
RSI=0x0000000000000003 is an unknown value
RDI=0x0000000000000001 is an unknown value
R8 =0x000007fffff86000 is an unknown value
R9 =0x0000000180000000 is an unknown value
R10=0x0000000000000000 is an unknown value
R11=0x0000000000000200 is an unknown value
R12=0x000000005b5cf020 is an unknown value
R13=0x0000000000000001 is an unknown value
R14=0x0000000000000000 is an unknown value
R15=0x0000000000000000 is an unknown value


Stack: [0x000000005c3f0000,0x000000005c4f0000],  sp=0x000000005c4ef260,  free space=1020k
Native frames: (J=compiled Java code, j=interpreted, Vv=VM code, C=native code)
C  [rxtxSerial.dll+0x5b6b]
C  [rxtxSerial.dll+0x5f3f]
C  0x0000000002d25b79

Java frames: (J=compiled Java code, j=interpreted, Vv=VM code)
J 1664  gnu.io.RXTXPort.readByte()I (0 bytes) @ 0x0000000002d25afb [0x0000000002d25ac0+0x3b]
J 1663 C1 gnu.io.RXTXPort$SerialInputStream.read()I (167 bytes) @ 0x0000000002d264c4 [0x0000000002d25ee0+0x5e4]
j  FrmTristone.frmDigitalScale$ReadSerial.run()V+4
j  java.lang.Thread.run()V+11
v  ~StubRoutines::call_stub

---------------  P R O C E S S  ---------------

Java Threads: ( => current thread )
=>0x0000000059007000 JavaThread "Thread-2" [_thread_in_native, id=10820, stack(0x000000005c3f0000,0x000000005c4f0000)]
  0x0000000059be3800 JavaThread "Abandoned connection cleanup thread" daemon [_thread_blocked, id=10648, stack(0x000000005b290000,0x000000005b390000)]
  0x0000000059b38800 JavaThread "TimerQueue" daemon [_thread_blocked, id=12176, stack(0x000000005bcb0000,0x000000005bdb0000)]
  0x00000000021be800 JavaThread "DestroyJavaVM" [_thread_blocked, id=9176, stack(0x0000000002420000,0x0000000002520000)]
  0x0000000059862800 JavaThread "AWT-EventQueue-0" [_thread_blocked, id=11608, stack(0x000000005a260000,0x000000005a360000)]
  0x000000005984e000 JavaThread "AWT-Windows" daemon [_thread_in_native, id=12604, stack(0x000000005a0d0000,0x000000005a1d0000)]
  0x000000005984d800 JavaThread "AWT-Shutdown" [_thread_blocked, id=9744, stack(0x0000000059520000,0x0000000059620000)]
  0x000000005984c800 JavaThread "Java2D Disposer" daemon [_thread_blocked, id=13920, stack(0x0000000059fb0000,0x000000005a0b0000)]
  0x0000000058e84000 JavaThread "Service Thread" daemon [_thread_blocked, id=9648, stack(0x00000000593c0000,0x00000000594c0000)]
  0x0000000058e1d000 JavaThread "C1 CompilerThread2" daemon [_thread_blocked, id=12716, stack(0x0000000059200000,0x0000000059300000)]
  0x0000000057527000 JavaThread "C2 CompilerThread1" daemon [_thread_blocked, id=10140, stack(0x00000000588b0000,0x00000000589b0000)]
  0x0000000057521800 JavaThread "C2 CompilerThread0" daemon [_thread_blocked, id=16816, stack(0x0000000058d00000,0x0000000058e00000)]
  0x000000005751d000 JavaThread "Attach Listener" daemon [_thread_blocked, id=4716, stack(0x0000000058bb0000,0x0000000058cb0000)]
  0x000000005751c000 JavaThread "Signal Dispatcher" daemon [_thread_blocked, id=5736, stack(0x0000000058470000,0x0000000058570000)]
  0x000000005750a000 JavaThread "Finalizer" daemon [_thread_blocked, id=7792, stack(0x00000000589c0000,0x0000000058ac0000)]
  0x00000000574c2800 JavaThread "Reference Handler" daemon [_thread_blocked, id=11016, stack(0x00000000587b0000,0x00000000588b0000)]

Other Threads:
  0x00000000574bb000 VMThread [stack: 0x00000000585d0000,0x00000000586d0000] [id=6756]
  0x0000000058e8c800 WatcherThread [stack: 0x00000000596a0000,0x00000000597a0000] [id=14396]

VM state:not at safepoint (normal execution)

VM Mutex/Monitor currently owned by a thread: None

Heap:
 PSYoungGen      total 38400K, used 22776K [0x00000000d5d00000, 0x00000000d8780000, 0x0000000100000000)
  eden space 33280K, 53% used [0x00000000d5d00000,0x00000000d6e44350,0x00000000d7d80000)
  from space 5120K, 99% used [0x00000000d7d80000,0x00000000d8279f68,0x00000000d8280000)
  to   space 5120K, 0% used [0x00000000d8280000,0x00000000d8280000,0x00000000d8780000)
 ParOldGen       total 87552K, used 11743K [0x0000000081600000, 0x0000000086b80000, 0x00000000d5d00000)
  object space 87552K, 13% used [0x0000000081600000,0x0000000082177f20,0x0000000086b80000)
 Metaspace       used 20069K, capacity 20336K, committed 20480K, reserved 1067008K
  class space    used 2432K, capacity 2514K, committed 2560K, reserved 1048576K

Card table byte_map: [0x0000000011bb0000,0x0000000011fb0000] byte_map_base: 0x00000000117a5000

Marking Bits: (ParMarkBitMap*) 0x000000006fdea6c0
 Begin Bits: [0x00000000127e0000, 0x0000000014788000)
 End Bits:   [0x0000000014788000, 0x0000000016730000)

Polling page: 0x0000000001c60000

CodeCache: size=245760Kb used=6375Kb max_used=6375Kb free=239384Kb
 bounds [0x00000000027f0000, 0x0000000002e30000, 0x00000000117f0000]
 total_blobs=2543 nmethods=1939 adapters=516
 compilation: enabled

Compilation events (10 events):
Event: 111.839 Thread 0x0000000058e1d000 2095       3       java.util.LinkedList::listIterator (15 bytes)
Event: 111.839 Thread 0x0000000058e1d000 nmethod 2095 0x0000000002b1c0d0 code [0x0000000002b1c280, 0x0000000002b1c6e8]
Event: 111.839 Thread 0x0000000058e1d000 2096       3       java.util.LinkedList$ListItr::<init> (47 bytes)
Event: 111.839 Thread 0x0000000058e1d000 nmethod 2096 0x0000000002b1bb10 code [0x0000000002b1bc80, 0x0000000002b1bf28]
Event: 111.843 Thread 0x0000000058e1d000 2098       3       java.util.concurrent.locks.ReentrantReadWriteLock::readLock (5 bytes)
Event: 111.843 Thread 0x0000000058e1d000 nmethod 2098 0x0000000002acd250 code [0x0000000002acd3a0, 0x0000000002acd510]
Event: 111.844 Thread 0x0000000058e1d000 2097       3       javax.swing.plaf.nimbus.ImageCache::getInstance (4 bytes)
Event: 111.844 Thread 0x0000000058e1d000 nmethod 2097 0x0000000002b0d590 code [0x0000000002b0d6e0, 0x0000000002b0d810]
Event: 111.846 Thread 0x0000000058e1d000 2099       3       java.awt.MultipleGradientPaintContext::calculateLookupData (318 bytes)
Event: 111.847 Thread 0x0000000058e1d000 nmethod 2099 0x0000000002e2e010 code [0x0000000002e2e280, 0x0000000002e2f048]

GC Heap History (2 events):
Event: 20.717 GC heap before
{Heap before GC invocations=1 (full 0):
 PSYoungGen      total 38400K, used 33278K [0x00000000d5d00000, 0x00000000d8780000, 0x0000000100000000)
  eden space 33280K, 99% used [0x00000000d5d00000,0x00000000d7d7fac8,0x00000000d7d80000)
  from space 5120K, 0% used [0x00000000d8280000,0x00000000d8280000,0x00000000d8780000)
  to   space 5120K, 0% used [0x00000000d7d80000,0x00000000d7d80000,0x00000000d8280000)
 ParOldGen       total 87552K, used 0K [0x0000000081600000, 0x0000000086b80000, 0x00000000d5d00000)
  object space 87552K, 0% used [0x0000000081600000,0x0000000081600000,0x0000000086b80000)
 Metaspace       used 16792K, capacity 16988K, committed 17280K, reserved 1064960K
  class space    used 2027K, capacity 2122K, committed 2176K, reserved 1048576K
Event: 20.743 GC heap after
Heap after GC invocations=1 (full 0):
 PSYoungGen      total 38400K, used 5095K [0x00000000d5d00000, 0x00000000d8780000, 0x0000000100000000)
  eden space 33280K, 0% used [0x00000000d5d00000,0x00000000d5d00000,0x00000000d7d80000)
  from space 5120K, 99% used [0x00000000d7d80000,0x00000000d8279f68,0x00000000d8280000)
  to   space 5120K, 0% used [0x00000000d8280000,0x00000000d8280000,0x00000000d8780000)
 ParOldGen       total 87552K, used 11743K [0x0000000081600000, 0x0000000086b80000, 0x00000000d5d00000)
  object space 87552K, 13% used [0x0000000081600000,0x0000000082177f20,0x0000000086b80000)
 Metaspace       used 16792K, capacity 16988K, committed 17280K, reserved 1064960K
  class space    used 2027K, capacity 2122K, committed 2176K, reserved 1048576K
}

Deoptimization events (10 events):
Event: 9.590 Thread 0x0000000059862800 Uncommon trap: reason=class_check action=maybe_recompile pc=0x0000000002961998 method=java.lang.String.equals(Ljava/lang/Object;)Z @ 8
Event: 9.928 Thread 0x0000000059862800 Uncommon trap: reason=unstable_if action=reinterpret pc=0x0000000002aa7e80 method=java.lang.String.trim()Ljava/lang/String; @ 44
Event: 9.928 Thread 0x0000000059862800 Uncommon trap: reason=unstable_if action=reinterpret pc=0x0000000002a93f2c method=java.lang.CharacterDataLatin1.isWhitespace(I)Z @ 14
Event: 9.996 Thread 0x0000000059862800 Uncommon trap: reason=unstable_if action=reinterpret pc=0x0000000002aea448 method=java.util.Properties$LineReader.readLine()I @ 252
Event: 9.996 Thread 0x0000000059862800 Uncommon trap: reason=unstable_if action=reinterpret pc=0x0000000002ae7a1c method=java.util.Properties.loadConvert([CII[C)Ljava/lang/String; @ 4
Event: 10.000 Thread 0x0000000059862800 Uncommon trap: reason=unstable_if action=reinterpret pc=0x0000000002af75f8 method=java.lang.String.indexOf([CII[CIII)I @ 3
Event: 16.846 Thread 0x0000000059862800 Uncommon trap: reason=class_check action=maybe_recompile pc=0x0000000002961998 method=java.lang.String.equals(Ljava/lang/Object;)Z @ 8
Event: 16.846 Thread 0x0000000059862800 Uncommon trap: reason=class_check action=maybe_recompile pc=0x0000000002961998 method=java.lang.String.equals(Ljava/lang/Object;)Z @ 8
Event: 82.633 Thread 0x0000000059862800 Uncommon trap: reason=unstable_if action=reinterpret pc=0x0000000002b15b48 method=java.util.Properties$LineReader.readLine()I @ 377
Event: 82.963 Thread 0x0000000059862800 Uncommon trap: reason=unstable_if action=reinterpret pc=0x0000000002b5bf44 method=sun.util.logging.PlatformLogger.isLoggable(Lsun/util/logging/PlatformLogger$Level;)Z @ 18

Internal exceptions (10 events):
Event: 0.412 Thread 0x00000000021be800 Exception <a 'java/lang/ClassNotFoundException': Tree> (0x00000000d6131408) thrown at [C:\re\workspace\8-2-build-windows-amd64-cygwin\jdk8u111\7883\hotspot\src\share\vm\classfile\systemDictionary.cpp, line 210]
Event: 0.412 Thread 0x00000000021be800 Exception <a 'java/lang/ClassNotFoundException': javax/swing/JTreeCell> (0x00000000d6131788) thrown at [C:\re\workspace\8-2-build-windows-amd64-cygwin\jdk8u111\7883\hotspot\src\share\vm\classfile\systemDictionary.cpp, line 210]
Event: 0.412 Thread 0x00000000021be800 Exception <a 'java/lang/ClassNotFoundException': TreeCell> (0x00000000d6131c10) thrown at [C:\re\workspace\8-2-build-windows-amd64-cygwin\jdk8u111\7883\hotspot\src\share\vm\classfile\systemDictionary.cpp, line 210]
Event: 0.412 Thread 0x00000000021be800 Exception <a 'java/lang/ClassNotFoundException': RootPane> (0x00000000d6132670) thrown at [C:\re\workspace\8-2-build-windows-amd64-cygwin\jdk8u111\7883\hotspot\src\share\vm\classfile\systemDictionary.cpp, line 210]
Event: 17.340 Thread 0x0000000059862800 Exception <a 'java/io/FileNotFoundException'> (0x00000000d7729770) thrown at [C:\re\workspace\8-2-build-windows-amd64-cygwin\jdk8u111\7883\hotspot\src\share\vm\prims\jni.cpp, line 709]
Event: 17.352 Thread 0x0000000059862800 Exception <a 'java/io/FileNotFoundException'> (0x00000000d77402a8) thrown at [C:\re\workspace\8-2-build-windows-amd64-cygwin\jdk8u111\7883\hotspot\src\share\vm\prims\jni.cpp, line 709]
Event: 17.354 Thread 0x0000000059862800 Exception <a 'java/io/FileNotFoundException'> (0x00000000d7750560) thrown at [C:\re\workspace\8-2-build-windows-amd64-cygwin\jdk8u111\7883\hotspot\src\share\vm\prims\jni.cpp, line 709]
Event: 17.367 Thread 0x0000000059862800 Exception <a 'java/io/FileNotFoundException'> (0x00000000d7766b68) thrown at [C:\re\workspace\8-2-build-windows-amd64-cygwin\jdk8u111\7883\hotspot\src\share\vm\prims\jni.cpp, line 709]
Event: 82.898 Thread 0x0000000059862800 Exception <a 'java/lang/ArrayIndexOutOfBoundsException': 18> (0x00000000d6acbc98) thrown at [C:\re\workspace\8-2-build-windows-amd64-cygwin\jdk8u111\7883\hotspot\src\share\vm\interpreter\interpreterRuntime.cpp, line 366]
Event: 97.963 Thread 0x00000000590f6000 Exception <a 'java/net/SocketTimeoutException': Read timed out> (0x00000000d6bb5e40) thrown at [C:\re\workspace\8-2-build-windows-amd64-cygwin\jdk8u111\7883\hotspot\src\share\vm\prims\jni.cpp, line 735]

Events (10 events):
Event: 111.823 Executing VM operation: RevokeBias
Event: 111.823 Executing VM operation: RevokeBias done
Event: 111.823 Thread 0x0000000059006000 Thread exited: 0x0000000059006000
Event: 111.835 Executing VM operation: RevokeBias
Event: 111.835 Executing VM operation: RevokeBias done
Event: 111.835 loading class java/awt/EventQueue$1AWTInvocationLock
Event: 111.835 loading class java/awt/EventQueue$1AWTInvocationLock done
Event: 111.839 Executing VM operation: RevokeBias
Event: 111.839 Executing VM operation: RevokeBias done
Event: 111.839 Thread 0x00000000590f8000 Thread exited: 0x00000000590f8000


Dynamic libraries:
0x000000013f040000 - 0x000000013f077000 	C:\Program Files\Java\jdk1.8.0_111\jre\bin\java.exe
0x0000000077c10000 - 0x0000000077db9000 	C:\Windows\SYSTEM32\ntdll.dll
0x00000000779f0000 - 0x0000000077b0f000 	C:\Windows\system32\kernel32.dll
0x000007fefdcd0000 - 0x000007fefdd3b000 	C:\Windows\system32\KERNELBASE.dll
0x000007feff680000 - 0x000007feff75b000 	C:\Windows\system32\ADVAPI32.dll
0x000007fefed30000 - 0x000007fefedcf000 	C:\Windows\system32\msvcrt.dll
0x000007fefef00000 - 0x000007fefef1f000 	C:\Windows\SYSTEM32\sechost.dll
0x000007fefedd0000 - 0x000007fefeefd000 	C:\Windows\system32\RPCRT4.dll
0x0000000077b10000 - 0x0000000077c0a000 	C:\Windows\system32\USER32.dll
0x000007fefdf30000 - 0x000007fefdf97000 	C:\Windows\system32\GDI32.dll
0x000007feff210000 - 0x000007feff21e000 	C:\Windows\system32\LPK.dll
0x000007feff5b0000 - 0x000007feff679000 	C:\Windows\system32\USP10.dll
0x000007fefc3a0000 - 0x000007fefc594000 	C:\Windows\WinSxS\amd64_microsoft.windows.common-controls_6595b64144ccf1df_6.0.7601.17514_none_fa396087175ac9ac\COMCTL32.dll
0x000007fefef30000 - 0x000007fefefa1000 	C:\Windows\system32\SHLWAPI.dll
0x000007feffbe0000 - 0x000007feffc0e000 	C:\Windows\system32\IMM32.DLL
0x000007feffad0000 - 0x000007feffbd9000 	C:\Windows\system32\MSCTF.dll
0x0000000079170000 - 0x0000000079242000 	C:\Program Files\Java\jdk1.8.0_111\jre\bin\msvcr100.dll
0x000000006f5d0000 - 0x000000006fe6a000 	C:\Program Files\Java\jdk1.8.0_111\jre\bin\server\jvm.dll
0x000007fef8570000 - 0x000007fef8579000 	C:\Windows\system32\WSOCK32.dll
0x000007feff980000 - 0x000007feff9cd000 	C:\Windows\system32\WS2_32.dll
0x000007fefef20000 - 0x000007fefef28000 	C:\Windows\system32\NSI.dll
0x000007fef8270000 - 0x000007fef82ab000 	C:\Windows\system32\WINMM.dll
0x000007fefccc0000 - 0x000007fefcccc000 	C:\Windows\system32\VERSION.dll
0x0000000077de0000 - 0x0000000077de7000 	C:\Windows\system32\PSAPI.DLL
0x0000000070c50000 - 0x0000000070c5f000 	C:\Program Files\Java\jdk1.8.0_111\jre\bin\verify.dll
0x000000006cb10000 - 0x000000006cb39000 	C:\Program Files\Java\jdk1.8.0_111\jre\bin\java.dll
0x0000000070100000 - 0x0000000070116000 	C:\Program Files\Java\jdk1.8.0_111\jre\bin\zip.dll
0x000007fefdfa0000 - 0x000007fefed28000 	C:\Windows\system32\SHELL32.dll
0x000007feff220000 - 0x000007feff423000 	C:\Windows\system32\ole32.dll
0x000007fefdb60000 - 0x000007fefdb6f000 	C:\Windows\system32\profapi.dll
0x000000006ccd0000 - 0x000000006ce68000 	C:\Program Files\Java\jdk1.8.0_111\jre\bin\awt.dll
0x000007feff9d0000 - 0x000007feffaa7000 	C:\Windows\system32\OLEAUT32.dll
0x000007fefc2f0000 - 0x000007fefc346000 	C:\Windows\system32\uxtheme.dll
0x000007fefbf10000 - 0x000007fefbf28000 	C:\Windows\system32\dwmapi.dll
0x000007fefda90000 - 0x000007fefda9f000 	C:\Windows\system32\CRYPTBASE.dll
0x000000006c850000 - 0x000000006c897000 	C:\Program Files\Java\jdk1.8.0_111\jre\bin\fontmanager.dll
0x000007feff490000 - 0x000007feff529000 	C:\Windows\system32\CLBCatQ.DLL
0x000007fefbda0000 - 0x000007fefbeca000 	C:\Windows\system32\WindowsCodecs.dll
0x000007fefda30000 - 0x000007fefda87000 	C:\Windows\system32\apphelp.dll
0x000007fefa530000 - 0x000007fefaa19000 	C:\Program Files (x86)\Acronis\TrueImageHome\tishell64.dll
0x000007fefaf10000 - 0x000007fefaf28000 	C:\Windows\system32\MPR.dll
0x000007fefa400000 - 0x000007fefa525000 	C:\Windows\system32\dbghelp.dll
0x000007fefa390000 - 0x000007fefa398000 	C:\Windows\system32\IconCodecService.dll
0x000007fefa380000 - 0x000007fefa387000 	C:\Windows\system32\shfolder.DLL
0x000007feffc10000 - 0x000007feffde7000 	C:\Windows\system32\SETUPAPI.dll
0x000007fefdef0000 - 0x000007fefdf26000 	C:\Windows\system32\CFGMGR32.dll
0x000007fefdc10000 - 0x000007fefdc2a000 	C:\Windows\system32\DEVOBJ.dll
0x000007fef9400000 - 0x000007fef9460000 	C:\Program Files (x86)\Dropbox\Client\DropboxExt64.27.0.dll
0x000007fefb860000 - 0x000007fefb863000 	C:\Windows\system32\api-ms-win-core-synch-l1-2-0.DLL
0x000007fefc8c0000 - 0x000007fefc9ec000 	C:\Windows\system32\propsys.dll
0x000007fefb5a0000 - 0x000007fefb5cd000 	C:\Windows\system32\ntmarta.dll
0x000007feff430000 - 0x000007feff482000 	C:\Windows\system32\WLDAP32.dll
0x000007fef9350000 - 0x000007fef936f000 	C:\Windows\system32\thumbcache.dll
0x000007fef8580000 - 0x000007fef85eb000 	C:\Windows\system32\PhotoMetadataHandler.dll
0x000000006f480000 - 0x000000006f49a000 	C:\Program Files\Java\jdk1.8.0_111\jre\bin\net.dll
0x000007fefd3d0000 - 0x000007fefd425000 	C:\Windows\system32\mswsock.dll
0x000007fefd3c0000 - 0x000007fefd3c7000 	C:\Windows\System32\wship6.dll
0x000000006ff20000 - 0x000000006ff31000 	C:\Program Files\Java\jdk1.8.0_111\jre\bin\nio.dll
0x0000000070810000 - 0x0000000070852000 	C:\Program Files\Java\jdk1.8.0_111\jre\bin\t2k.dll
0x000000006ca40000 - 0x000000006ca6a000 	C:\Program Files\Java\jdk1.8.0_111\jre\bin\dcpr.dll
0x0000000180000000 - 0x0000000180025000 	C:\Program Files\Java\jdk1.8.0_111\jre\bin\rxtxSerial.dll
0x000007fefcd90000 - 0x000007fefcd97000 	C:\Windows\System32\wshtcpip.dll
0x000007fefd250000 - 0x000007fefd2ab000 	C:\Windows\system32\DNSAPI.dll
0x0000000074580000 - 0x00000000745a6000 	C:\Program Files\Bonjour\mdnsNSP.dll
0x000007fefb000000 - 0x000007fefb027000 	C:\Windows\system32\Iphlpapi.DLL
0x000007fefaff0000 - 0x000007fefaffb000 	C:\Windows\system32\WINNSI.DLL
0x000007fef8380000 - 0x000007fef8388000 	C:\Windows\system32\rasadhlp.dll
0x000007fefa200000 - 0x000007fefa253000 	C:\Windows\System32\fwpuclnt.dll

VM Arguments:
jvm_args: -Dfile.encoding=UTF-8 
java_command: FrmTristone.frmEmployee
java_class_path (initial): C:\Program Files\NetBeans 8.2\ide\modules\ext\mysql-connector-java-5.1.23-bin.jar;C:\Users\Ulises\Desktop\SWTristone\4.- Librerias\librerias\gson-2.8.2.jar;C:\Users\Ulises\Desktop\SWTristone\4.- Librerias\librerias\spring-amqp-2.0.0.RELEASE.jar;C:\Users\Ulises\Desktop\SWTristone\4.- Librerias\librerias\spring-context-4.2.2.RELEASE.jar;C:\Users\Ulises\Desktop\SWTristone\4.- Librerias\librerias\spring-rabbit-1.5.5.RELEASE.jar;C:\Users\Ulises\Desktop\SWTristone\4.- Librerias\librerias\jar_files\spring-beans-5.1.4.RELEASE.jar;C:\Users\Ulises\Downloads\mfz-rxtx-2.2-20081207-win-x64\mfz-rxtx-2.2-20081207-win-x64\RXTXcomm.jar;C:\Users\Ulises\Downloads\rxtxcomm-2.2.jar\rxtxcomm-2.2.jar;C:\Tristone\lib\amqp-client-5.6.0-javadoc.jar;C:\Tristone\lib\amqp-client-5.6.0.jar;C:\Users\Ulises\Downloads\slf4j-1.7.26\slf4j-1.7.26\slf4j-api-1.7.26.jar;C:\Users\Ulises\Downloads\slf4j-1.7.26\slf4j-1.7.26\slf4j-jdk14-1.7.26.jar;C:\Users\Ulises\Documents\NetBeansProjects\TristoneCOM\Tristone\build\classes
Launcher Type: SUN_STANDARD

Environment Variables:
PATH=C:\Program Files (x86)\Common Files\Oracle\Java\javapath;C:\Windows\system32;C:\Windows;C:\Windows\System32\Wbem;C:\Windows\System32\WindowsPowerShell\v1.0\;C:\Program Files\Microsoft SQL Server\Client SDK\ODBC\110\Tools\Binn\;C:\Program Files (x86)\Microsoft SQL Server\120\Tools\Binn\;C:\Program Files\Microsoft SQL Server\120\Tools\Binn\;C:\Program Files\Microsoft SQL Server\120\DTS\Binn\;C:\Program Files (x86)\Microsoft SQL Server\120\Tools\Binn\ManagementStudio\;C:\Program Files (x86)\Microsoft SQL Server\120\DTS\Binn\;C:\Windows\system32\config\systemprofile\.dnx\bin;C:\Program Files\Microsoft DNX\Dnvm\;C:\Program Files\Microsoft SQL Server\130\Tools\Binn\;C:\Program Files\TortoiseSVN\bin;C:\xampp\php;C:\composer;C:\Program Files\dotnet\;C:\Program Files\PuTTY\;C:\Program Files (x86)\Common Files\Acronis\VirtualFile\;C:\Program Files (x86)\Common Files\Acronis\VirtualFile64\;C:\Program Files (x86)\Common Files\Acronis\FileProtector\;C:\Program Files (x86)\Common Files\Acronis\FileProtector64\;C:\Program Files (x86)\Common Files\Acronis\SnapAPI\;C:\Users\Ulises\AppData\Roaming\Composer\vendor\bin;C:\Users\Ulises\AppData\Local\Programs\Microsoft VS Code\bin
USERNAME=Ulises
OS=Windows_NT
PROCESSOR_IDENTIFIER=Intel64 Family 6 Model 42 Stepping 7, GenuineIntel



---------------  S Y S T E M  ---------------

OS: Windows 7 , 64 bit Build 7601 (6.1.7601.18015)

CPU:total 4 (2 cores per cpu, 2 threads per core) family 6 model 42 stepping 7, cmov, cx8, fxsr, mmx, sse, sse2, sse3, ssse3, sse4.1, sse4.2, popcnt, avx, aes, clmul, ht, tsc, tscinvbit

Memory: 4k page, physical 8293056k(2408172k free), swap 16584256k(8972488k free)

vm_info: Java HotSpot(TM) 64-Bit Server VM (25.111-b14) for windows-amd64 JRE (1.8.0_111-b14), built on Sep 22 2016 19:24:05 by "java_re" with MS VC++ 10.0 (VS2010)

time: Mon Jul 29 22:16:00 2019
elapsed time: 112 seconds (0d 0h 1m 52s)

