#
# A fatal error has been detected by the Java Runtime Environment:
#
#  EXCEPTION_ACCESS_VIOLATION (0xc0000005) at pc=0x0000000180005b6b, pid=14564, tid=0x0000000000002860
#
# JRE version: Java(TM) SE Runtime Environment (8.0_111-b14) (build 1.8.0_111-b14)
# Java VM: Java HotSpot(TM) 64-Bit Server VM (25.111-b14 mixed mode windows-amd64 compressed oops)
# Problematic frame:
# C  [rxtxSerial.dll+0x5b6b]
#
# Failed to write core dump. Minidumps are not enabled by default on client versions of Windows
#
# If you would like to submit a bug report, please visit:
#   http://bugreport.java.com/bugreport/crash.jsp
# The crash happened outside the Java Virtual Machine in native code.
# See problematic frame for where to report the bug.
#

---------------  T H R E A D  ---------------

Current thread (0x00000000598d0800):  JavaThread "Thread-2" [_thread_in_native, id=10336, stack(0x000000005d750000,0x000000005d850000)]

siginfo: ExceptionCode=0xc0000005, writing address 0x000000005d6bec08

Registers:
RAX=0x00000000ffffffff, RBX=0x0000000000000000, RCX=0x0000000000000000, RDX=0x0000000000000000
RSP=0x000000005d84f4a0, RBP=0x00000000ffffffff, RSI=0x0000000000000003, RDI=0x0000000000000001
R8 =0x000007fffff86000, R9 =0x0000000180000000, R10=0x0000000000000000, R11=0x0000000000000200
R12=0x000000005d6bec00, R13=0x0000000000000001, R14=0x0000000000000000, R15=0x0000000000000000
RIP=0x0000000180005b6b, EFLAGS=0x0000000000010286

Top of Stack: (sp=0x000000005d84f4a0)
0x000000005d84f4a0:   0000000000000000 0000000000000000
0x000000005d84f4b0:   0000000000000000 0000000000000000
0x000000005d84f4c0:   00000000598d0800 000000005d84f610
0x000000005d84f4d0:   0000000002c8c2e4 000000005d84f5d0
0x000000005d84f4e0:   ffffffffffffffff 0000000000000001
0x000000005d84f4f0:   000000005a012bf8 0000000180005f3f
0x000000005d84f500:   00000000598d09f8 00000000598d09f8
0x000000005d84f510:   0000000000000001 000000005d84f530
0x000000005d84f520:   0000000000000001 00000000ffffffff
0x000000005d84f530:   0000461ff917ede9 000000005d84f5d0
0x000000005d84f540:   0000000016dc77b0 00000000d7d808b8
0x000000005d84f550:   000000005d84f610 000000006f81374e
0x000000005d84f560:   0000000000000000 000000005d84f5b0
0x000000005d84f570:   00000000598d0800 0000000000000000
0x000000005d84f580:   0000461ff0746449 0000000000000000
0x000000005d84f590:   0000000000000000 0000000016dc77b0 

Instructions: (pc=0x0000000180005b6b)
0x0000000180005b4b:   31 00 00 85 c0 78 33 74 06 03 d8 2b f8 eb 0a b9
0x0000000180005b5b:   e8 03 00 00 e8 1c 1c 00 00 41 3b dd 7c b7 8b c3
0x0000000180005b6b:   45 89 74 24 08 48 8b 5c 24 60 48 83 c4 20 41 5f
0x0000000180005b7b:   41 5e 41 5d 41 5c 5f 5e 5d c3 e8 1e 61 00 00 83 


Register to memory mapping:

RAX=0x00000000ffffffff is an unallocated location in the heap
RBX=0x0000000000000000 is an unknown value
RCX=0x0000000000000000 is an unknown value
RDX=0x0000000000000000 is an unknown value
RSP=0x000000005d84f4a0 is pointing into the stack for thread: 0x00000000598d0800
RBP=0x00000000ffffffff is an unallocated location in the heap
RSI=0x0000000000000003 is an unknown value
RDI=0x0000000000000001 is an unknown value
R8 =0x000007fffff86000 is an unknown value
R9 =0x0000000180000000 is an unknown value
R10=0x0000000000000000 is an unknown value
R11=0x0000000000000200 is an unknown value
R12=0x000000005d6bec00 is an unknown value
R13=0x0000000000000001 is an unknown value
R14=0x0000000000000000 is an unknown value
R15=0x0000000000000000 is an unknown value


Stack: [0x000000005d750000,0x000000005d850000],  sp=0x000000005d84f4a0,  free space=1021k
Native frames: (J=compiled Java code, j=interpreted, Vv=VM code, C=native code)
C  [rxtxSerial.dll+0x5b6b]
C  [rxtxSerial.dll+0x5f3f]
C  0x0000000002c8bd39

Java frames: (J=compiled Java code, j=interpreted, Vv=VM code)
J 1593  gnu.io.RXTXPort.readByte()I (0 bytes) @ 0x0000000002c8bcbb [0x0000000002c8bc80+0x3b]
J 1592 C1 gnu.io.RXTXPort$SerialInputStream.read()I (167 bytes) @ 0x0000000002c8c684 [0x0000000002c8c0a0+0x5e4]
j  FrmTristone.frmDigitalScale$ReadSerial.run()V+4
j  java.lang.Thread.run()V+11
v  ~StubRoutines::call_stub

---------------  P R O C E S S  ---------------

Java Threads: ( => current thread )
  0x00000000598d3800 JavaThread "pool-3-thread-4" [_thread_blocked, id=15156, stack(0x000000005ddf0000,0x000000005def0000)]
=>0x00000000598d0800 JavaThread "Thread-2" [_thread_in_native, id=10336, stack(0x000000005d750000,0x000000005d850000)]
  0x00000000598cf000 JavaThread "Abandoned connection cleanup thread" daemon [_thread_blocked, id=7112, stack(0x000000005ade0000,0x000000005aee0000)]
  0x00000000598cf800 JavaThread "TimerQueue" daemon [_thread_blocked, id=8984, stack(0x000000005bf30000,0x000000005c030000)]
  0x00000000598cd800 JavaThread "DestroyJavaVM" [_thread_blocked, id=16840, stack(0x0000000002380000,0x0000000002480000)]
  0x00000000598cc800 JavaThread "AWT-EventQueue-0" [_thread_in_native, id=10892, stack(0x00000000596c0000,0x00000000597c0000)]
  0x00000000598cc000 JavaThread "AWT-Windows" daemon [_thread_in_native, id=8616, stack(0x000000005a570000,0x000000005a670000)]
  0x00000000598cb000 JavaThread "AWT-Shutdown" [_thread_blocked, id=11104, stack(0x000000005a3c0000,0x000000005a4c0000)]
  0x00000000598ca800 JavaThread "Java2D Disposer" daemon [_thread_blocked, id=13164, stack(0x000000005a290000,0x000000005a390000)]
  0x000000005915e000 JavaThread "Service Thread" daemon [_thread_blocked, id=13756, stack(0x00000000595c0000,0x00000000596c0000)]
  0x00000000575cd000 JavaThread "C1 CompilerThread2" daemon [_thread_blocked, id=12180, stack(0x0000000058fe0000,0x00000000590e0000)]
  0x00000000575cc000 JavaThread "C2 CompilerThread1" daemon [_thread_blocked, id=15496, stack(0x0000000058de0000,0x0000000058ee0000)]
  0x00000000575ca000 JavaThread "C2 CompilerThread0" daemon [_thread_blocked, id=16548, stack(0x0000000058af0000,0x0000000058bf0000)]
  0x00000000575c5800 JavaThread "Attach Listener" daemon [_thread_blocked, id=13952, stack(0x0000000058cb0000,0x0000000058db0000)]
  0x00000000575c4000 JavaThread "Signal Dispatcher" daemon [_thread_blocked, id=4020, stack(0x00000000589c0000,0x0000000058ac0000)]
  0x00000000575aa000 JavaThread "Finalizer" daemon [_thread_blocked, id=8320, stack(0x00000000587a0000,0x00000000588a0000)]
  0x0000000057562800 JavaThread "Reference Handler" daemon [_thread_blocked, id=15540, stack(0x0000000058600000,0x0000000058700000)]

Other Threads:
  0x000000005755b000 VMThread [stack: 0x00000000584e0000,0x00000000585e0000] [id=16784]
  0x0000000059168000 WatcherThread [stack: 0x00000000597c0000,0x00000000598c0000] [id=5924]

VM state:not at safepoint (normal execution)

VM Mutex/Monitor currently owned by a thread: None

Heap:
 PSYoungGen      total 38400K, used 18773K [0x00000000d5d00000, 0x00000000d8780000, 0x0000000100000000)
  eden space 33280K, 41% used [0x00000000d5d00000,0x00000000d6a5c568,0x00000000d7d80000)
  from space 5120K, 99% used [0x00000000d7d80000,0x00000000d8278f30,0x00000000d8280000)
  to   space 5120K, 0% used [0x00000000d8280000,0x00000000d8280000,0x00000000d8780000)
 ParOldGen       total 87552K, used 4230K [0x0000000081600000, 0x0000000086b80000, 0x00000000d5d00000)
  object space 87552K, 4% used [0x0000000081600000,0x0000000081a21b20,0x0000000086b80000)
 Metaspace       used 19956K, capacity 20224K, committed 20480K, reserved 1067008K
  class space    used 2432K, capacity 2514K, committed 2560K, reserved 1048576K

Card table byte_map: [0x0000000011b10000,0x0000000011f10000] byte_map_base: 0x0000000011705000

Marking Bits: (ParMarkBitMap*) 0x000000006fdea6c0
 Begin Bits: [0x0000000012880000, 0x0000000014828000)
 End Bits:   [0x0000000014828000, 0x00000000167d0000)

Polling page: 0x0000000000240000

CodeCache: size=245760Kb used=5911Kb max_used=5926Kb free=239848Kb
 bounds [0x0000000002750000, 0x0000000002d20000, 0x0000000011750000]
 total_blobs=2381 nmethods=1777 adapters=516
 compilation: enabled

Compilation events (10 events):
Event: 23.613 Thread 0x00000000575cd000 1909   !   3       sun.java2d.SunGraphics2D::fillRect (74 bytes)
Event: 23.614 Thread 0x00000000575cd000 nmethod 1909 0x0000000002a55350 code [0x0000000002a55520, 0x0000000002a55ec8]
Event: 23.614 Thread 0x00000000575cd000 1910       3       sun.java2d.pipe.ValidatePipe::fillRect (25 bytes)
Event: 23.614 Thread 0x00000000575cd000 nmethod 1910 0x0000000002a54890 code [0x0000000002a54a40, 0x0000000002a55048]
Event: 23.614 Thread 0x00000000575cd000 1911       3       sun.java2d.pipe.LoopPipe::fillRect (32 bytes)
Event: 23.614 Thread 0x00000000575cd000 nmethod 1911 0x0000000002a31f10 code [0x0000000002a32080, 0x0000000002a322e8]
Event: 23.615 Thread 0x00000000575cd000 1912       3       sun.java2d.SunGraphics2D::setComposite (223 bytes)
Event: 23.616 Thread 0x00000000575cd000 nmethod 1912 0x0000000002a53490 code [0x0000000002a536c0, 0x0000000002a545c8]
Event: 23.616 Thread 0x00000000575cd000 1913       3       sun.java2d.loops.CompositeType::forAlphaComposite (152 bytes)
Event: 23.616 Thread 0x00000000575cd000 nmethod 1913 0x0000000002a52ad0 code [0x0000000002a52cc0, 0x0000000002a53348]

GC Heap History (2 events):
Event: 20.588 GC heap before
{Heap before GC invocations=1 (full 0):
 PSYoungGen      total 38400K, used 33280K [0x00000000d5d00000, 0x00000000d8780000, 0x0000000100000000)
  eden space 33280K, 100% used [0x00000000d5d00000,0x00000000d7d80000,0x00000000d7d80000)
  from space 5120K, 0% used [0x00000000d8280000,0x00000000d8280000,0x00000000d8780000)
  to   space 5120K, 0% used [0x00000000d7d80000,0x00000000d7d80000,0x00000000d8280000)
 ParOldGen       total 87552K, used 0K [0x0000000081600000, 0x0000000086b80000, 0x00000000d5d00000)
  object space 87552K, 0% used [0x0000000081600000,0x0000000081600000,0x0000000086b80000)
 Metaspace       used 16887K, capacity 17132K, committed 17280K, reserved 1064960K
  class space    used 2028K, capacity 2122K, committed 2176K, reserved 1048576K
Event: 20.599 GC heap after
Heap after GC invocations=1 (full 0):
 PSYoungGen      total 38400K, used 5091K [0x00000000d5d00000, 0x00000000d8780000, 0x0000000100000000)
  eden space 33280K, 0% used [0x00000000d5d00000,0x00000000d5d00000,0x00000000d7d80000)
  from space 5120K, 99% used [0x00000000d7d80000,0x00000000d8278f30,0x00000000d8280000)
  to   space 5120K, 0% used [0x00000000d8280000,0x00000000d8280000,0x00000000d8780000)
 ParOldGen       total 87552K, used 4230K [0x0000000081600000, 0x0000000086b80000, 0x00000000d5d00000)
  object space 87552K, 4% used [0x0000000081600000,0x0000000081a21b20,0x0000000086b80000)
 Metaspace       used 16887K, capacity 17132K, committed 17280K, reserved 1064960K
  class space    used 2028K, capacity 2122K, committed 2176K, reserved 1048576K
}

Deoptimization events (10 events):
Event: 8.538 Thread 0x00000000598cc800 Uncommon trap: reason=class_check action=maybe_recompile pc=0x0000000002a07fac method=java.util.Properties$LineReader.readLine()I @ 62
Event: 8.538 Thread 0x00000000598cc800 Uncommon trap: reason=class_check action=maybe_recompile pc=0x0000000002a07fac method=java.util.Properties$LineReader.readLine()I @ 62
Event: 8.548 Thread 0x00000000598cc800 Uncommon trap: reason=class_check action=maybe_recompile pc=0x0000000002a07fac method=java.util.Properties$LineReader.readLine()I @ 62
Event: 8.548 Thread 0x00000000598cc800 Uncommon trap: reason=unstable_if action=reinterpret pc=0x0000000002a06f3c method=java.util.Properties$LineReader.readLine()I @ 252
Event: 8.549 Thread 0x00000000598cc800 Uncommon trap: reason=unstable_if action=reinterpret pc=0x0000000002a07e34 method=java.util.Properties$LineReader.readLine()I @ 252
Event: 8.550 Thread 0x00000000598cc800 Uncommon trap: reason=unstable_if action=reinterpret pc=0x00000000029fd05c method=java.util.Properties.loadConvert([CII[C)Ljava/lang/String; @ 4
Event: 8.557 Thread 0x00000000598cc800 Uncommon trap: reason=unstable_if action=reinterpret pc=0x0000000002a0f5e8 method=java.lang.String.indexOf([CII[CIII)I @ 3
Event: 14.689 Thread 0x00000000598cc800 Uncommon trap: reason=class_check action=maybe_recompile pc=0x00000000028a5318 method=java.lang.String.equals(Ljava/lang/Object;)Z @ 8
Event: 14.689 Thread 0x00000000598cc800 Uncommon trap: reason=class_check action=maybe_recompile pc=0x00000000028a5318 method=java.lang.String.equals(Ljava/lang/Object;)Z @ 8
Event: 21.873 Thread 0x00000000598cc800 Uncommon trap: reason=unstable_if action=reinterpret pc=0x0000000002a9b444 method=sun.util.logging.PlatformLogger.isLoggable(Lsun/util/logging/PlatformLogger$Level;)Z @ 18

Internal exceptions (10 events):
Event: 0.534 Thread 0x000000000213e800 Exception <a 'java/lang/ClassNotFoundException': Tree> (0x00000000d6130cc8) thrown at [C:\re\workspace\8-2-build-windows-amd64-cygwin\jdk8u111\7883\hotspot\src\share\vm\classfile\systemDictionary.cpp, line 210]
Event: 0.535 Thread 0x000000000213e800 Exception <a 'java/lang/ClassNotFoundException': Tree> (0x00000000d6131408) thrown at [C:\re\workspace\8-2-build-windows-amd64-cygwin\jdk8u111\7883\hotspot\src\share\vm\classfile\systemDictionary.cpp, line 210]
Event: 0.535 Thread 0x000000000213e800 Exception <a 'java/lang/ClassNotFoundException': javax/swing/JTreeCell> (0x00000000d6131788) thrown at [C:\re\workspace\8-2-build-windows-amd64-cygwin\jdk8u111\7883\hotspot\src\share\vm\classfile\systemDictionary.cpp, line 210]
Event: 0.535 Thread 0x000000000213e800 Exception <a 'java/lang/ClassNotFoundException': TreeCell> (0x00000000d6131c10) thrown at [C:\re\workspace\8-2-build-windows-amd64-cygwin\jdk8u111\7883\hotspot\src\share\vm\classfile\systemDictionary.cpp, line 210]
Event: 0.535 Thread 0x000000000213e800 Exception <a 'java/lang/ClassNotFoundException': RootPane> (0x00000000d6132670) thrown at [C:\re\workspace\8-2-build-windows-amd64-cygwin\jdk8u111\7883\hotspot\src\share\vm\classfile\systemDictionary.cpp, line 210]
Event: 15.053 Thread 0x00000000598cc800 Exception <a 'java/io/FileNotFoundException'> (0x00000000d76b0e48) thrown at [C:\re\workspace\8-2-build-windows-amd64-cygwin\jdk8u111\7883\hotspot\src\share\vm\prims\jni.cpp, line 709]
Event: 15.066 Thread 0x00000000598cc800 Exception <a 'java/io/FileNotFoundException'> (0x00000000d76c7980) thrown at [C:\re\workspace\8-2-build-windows-amd64-cygwin\jdk8u111\7883\hotspot\src\share\vm\prims\jni.cpp, line 709]
Event: 15.068 Thread 0x00000000598cc800 Exception <a 'java/io/FileNotFoundException'> (0x00000000d76d7c38) thrown at [C:\re\workspace\8-2-build-windows-amd64-cygwin\jdk8u111\7883\hotspot\src\share\vm\prims\jni.cpp, line 709]
Event: 15.080 Thread 0x00000000598cc800 Exception <a 'java/io/FileNotFoundException'> (0x00000000d76ee240) thrown at [C:\re\workspace\8-2-build-windows-amd64-cygwin\jdk8u111\7883\hotspot\src\share\vm\prims\jni.cpp, line 709]
Event: 21.809 Thread 0x00000000598cc800 Exception <a 'java/lang/ArrayIndexOutOfBoundsException': 18> (0x00000000d6876bd0) thrown at [C:\re\workspace\8-2-build-windows-amd64-cygwin\jdk8u111\7883\hotspot\src\share\vm\interpreter\interpreterRuntime.cpp, line 366]

Events (10 events):
Event: 21.996 Thread 0x00000000575cd000 flushing nmethod 0x0000000002a3cc10
Event: 21.996 Thread 0x00000000575cd000 flushing nmethod 0x0000000002a3e5d0
Event: 22.263 Thread 0x00000000575cd000 flushing nmethod 0x0000000002a505d0
Event: 22.263 Thread 0x00000000575cd000 flushing nmethod 0x0000000002a51250
Event: 22.263 Thread 0x00000000575cd000 flushing nmethod 0x0000000002af4cd0
Event: 22.294 Thread 0x00000000575cd000 flushing nmethod 0x0000000002b1c7d0
Event: 22.294 Thread 0x00000000575cd000 flushing nmethod 0x0000000002b1ef90
Event: 27.588 Executing VM operation: RevokeBias
Event: 27.591 Executing VM operation: RevokeBias done
Event: 27.593 Thread 0x00000000598ce000 Thread exited: 0x00000000598ce000


Dynamic libraries:
0x000000013fab0000 - 0x000000013fae7000 	C:\Program Files\Java\jdk1.8.0_111\jre\bin\java.exe
0x0000000077c10000 - 0x0000000077db9000 	C:\Windows\SYSTEM32\ntdll.dll
0x00000000779f0000 - 0x0000000077b0f000 	C:\Windows\system32\kernel32.dll
0x000007fefdcd0000 - 0x000007fefdd3b000 	C:\Windows\system32\KERNELBASE.dll
0x000007feff680000 - 0x000007feff75b000 	C:\Windows\system32\ADVAPI32.dll
0x000007fefed30000 - 0x000007fefedcf000 	C:\Windows\system32\msvcrt.dll
0x000007fefef00000 - 0x000007fefef1f000 	C:\Windows\SYSTEM32\sechost.dll
0x000007fefedd0000 - 0x000007fefeefd000 	C:\Windows\system32\RPCRT4.dll
0x0000000077b10000 - 0x0000000077c0a000 	C:\Windows\system32\USER32.dll
0x000007fefdf30000 - 0x000007fefdf97000 	C:\Windows\system32\GDI32.dll
0x000007feff210000 - 0x000007feff21e000 	C:\Windows\system32\LPK.dll
0x000007feff5b0000 - 0x000007feff679000 	C:\Windows\system32\USP10.dll
0x000007fefc3a0000 - 0x000007fefc594000 	C:\Windows\WinSxS\amd64_microsoft.windows.common-controls_6595b64144ccf1df_6.0.7601.17514_none_fa396087175ac9ac\COMCTL32.dll
0x000007fefef30000 - 0x000007fefefa1000 	C:\Windows\system32\SHLWAPI.dll
0x000007feffbe0000 - 0x000007feffc0e000 	C:\Windows\system32\IMM32.DLL
0x000007feffad0000 - 0x000007feffbd9000 	C:\Windows\system32\MSCTF.dll
0x0000000079170000 - 0x0000000079242000 	C:\Program Files\Java\jdk1.8.0_111\jre\bin\msvcr100.dll
0x000000006f5d0000 - 0x000000006fe6a000 	C:\Program Files\Java\jdk1.8.0_111\jre\bin\server\jvm.dll
0x000007fef8570000 - 0x000007fef8579000 	C:\Windows\system32\WSOCK32.dll
0x000007feff980000 - 0x000007feff9cd000 	C:\Windows\system32\WS2_32.dll
0x000007fefef20000 - 0x000007fefef28000 	C:\Windows\system32\NSI.dll
0x000007fef8270000 - 0x000007fef82ab000 	C:\Windows\system32\WINMM.dll
0x000007fefccc0000 - 0x000007fefcccc000 	C:\Windows\system32\VERSION.dll
0x0000000077de0000 - 0x0000000077de7000 	C:\Windows\system32\PSAPI.DLL
0x0000000070c50000 - 0x0000000070c5f000 	C:\Program Files\Java\jdk1.8.0_111\jre\bin\verify.dll
0x000000006cb10000 - 0x000000006cb39000 	C:\Program Files\Java\jdk1.8.0_111\jre\bin\java.dll
0x0000000070100000 - 0x0000000070116000 	C:\Program Files\Java\jdk1.8.0_111\jre\bin\zip.dll
0x000007fefdfa0000 - 0x000007fefed28000 	C:\Windows\system32\SHELL32.dll
0x000007feff220000 - 0x000007feff423000 	C:\Windows\system32\ole32.dll
0x000007fefdb60000 - 0x000007fefdb6f000 	C:\Windows\system32\profapi.dll
0x000000006ccd0000 - 0x000000006ce68000 	C:\Program Files\Java\jdk1.8.0_111\jre\bin\awt.dll
0x000007feff9d0000 - 0x000007feffaa7000 	C:\Windows\system32\OLEAUT32.dll
0x000007fefc2f0000 - 0x000007fefc346000 	C:\Windows\system32\uxtheme.dll
0x000007fefbf10000 - 0x000007fefbf28000 	C:\Windows\system32\dwmapi.dll
0x000007fefda90000 - 0x000007fefda9f000 	C:\Windows\system32\CRYPTBASE.dll
0x000000006c850000 - 0x000000006c897000 	C:\Program Files\Java\jdk1.8.0_111\jre\bin\fontmanager.dll
0x000007feff490000 - 0x000007feff529000 	C:\Windows\system32\CLBCatQ.DLL
0x000007fefbda0000 - 0x000007fefbeca000 	C:\Windows\system32\WindowsCodecs.dll
0x000007fefda30000 - 0x000007fefda87000 	C:\Windows\system32\apphelp.dll
0x000007fefa530000 - 0x000007fefaa19000 	C:\Program Files (x86)\Acronis\TrueImageHome\tishell64.dll
0x000007fefaf10000 - 0x000007fefaf28000 	C:\Windows\system32\MPR.dll
0x000007fefa400000 - 0x000007fefa525000 	C:\Windows\system32\dbghelp.dll
0x000007fefa390000 - 0x000007fefa398000 	C:\Windows\system32\IconCodecService.dll
0x000007fefa380000 - 0x000007fefa387000 	C:\Windows\system32\shfolder.DLL
0x000007feffc10000 - 0x000007feffde7000 	C:\Windows\system32\SETUPAPI.dll
0x000007fefdef0000 - 0x000007fefdf26000 	C:\Windows\system32\CFGMGR32.dll
0x000007fefdc10000 - 0x000007fefdc2a000 	C:\Windows\system32\DEVOBJ.dll
0x000007fef9400000 - 0x000007fef9460000 	C:\Program Files (x86)\Dropbox\Client\DropboxExt64.27.0.dll
0x000007fefb860000 - 0x000007fefb863000 	C:\Windows\system32\api-ms-win-core-synch-l1-2-0.DLL
0x000007fefc8c0000 - 0x000007fefc9ec000 	C:\Windows\system32\propsys.dll
0x000007fefb5a0000 - 0x000007fefb5cd000 	C:\Windows\system32\ntmarta.dll
0x000007feff430000 - 0x000007feff482000 	C:\Windows\system32\WLDAP32.dll
0x000007fef9350000 - 0x000007fef936f000 	C:\Windows\system32\thumbcache.dll
0x000007fef8580000 - 0x000007fef85eb000 	C:\Windows\system32\PhotoMetadataHandler.dll
0x000000006f480000 - 0x000000006f49a000 	C:\Program Files\Java\jdk1.8.0_111\jre\bin\net.dll
0x000007fefd3d0000 - 0x000007fefd425000 	C:\Windows\system32\mswsock.dll
0x000007fefd3c0000 - 0x000007fefd3c7000 	C:\Windows\System32\wship6.dll
0x000000006ff20000 - 0x000000006ff31000 	C:\Program Files\Java\jdk1.8.0_111\jre\bin\nio.dll
0x0000000070810000 - 0x0000000070852000 	C:\Program Files\Java\jdk1.8.0_111\jre\bin\t2k.dll
0x000000006ca40000 - 0x000000006ca6a000 	C:\Program Files\Java\jdk1.8.0_111\jre\bin\dcpr.dll
0x0000000180000000 - 0x0000000180025000 	C:\Program Files\Java\jdk1.8.0_111\jre\bin\rxtxSerial.dll
0x000007fefcd90000 - 0x000007fefcd97000 	C:\Windows\System32\wshtcpip.dll
0x000007fefd250000 - 0x000007fefd2ab000 	C:\Windows\system32\DNSAPI.dll
0x0000000074580000 - 0x00000000745a6000 	C:\Program Files\Bonjour\mdnsNSP.dll
0x000007fefb000000 - 0x000007fefb027000 	C:\Windows\system32\Iphlpapi.DLL
0x000007fefaff0000 - 0x000007fefaffb000 	C:\Windows\system32\WINNSI.DLL
0x000007fef8380000 - 0x000007fef8388000 	C:\Windows\system32\rasadhlp.dll
0x000007fefa200000 - 0x000007fefa253000 	C:\Windows\System32\fwpuclnt.dll

VM Arguments:
jvm_args: -Dfile.encoding=UTF-8 
java_command: FrmTristone.frmEmployee
java_class_path (initial): C:\Program Files\NetBeans 8.2\ide\modules\ext\mysql-connector-java-5.1.23-bin.jar;C:\Users\Ulises\Desktop\SWTristone\4.- Librerias\librerias\gson-2.8.2.jar;C:\Users\Ulises\Desktop\SWTristone\4.- Librerias\librerias\spring-amqp-2.0.0.RELEASE.jar;C:\Users\Ulises\Desktop\SWTristone\4.- Librerias\librerias\spring-context-4.2.2.RELEASE.jar;C:\Users\Ulises\Desktop\SWTristone\4.- Librerias\librerias\spring-rabbit-1.5.5.RELEASE.jar;C:\Users\Ulises\Desktop\SWTristone\4.- Librerias\librerias\jar_files\spring-beans-5.1.4.RELEASE.jar;C:\Users\Ulises\Downloads\mfz-rxtx-2.2-20081207-win-x64\mfz-rxtx-2.2-20081207-win-x64\RXTXcomm.jar;C:\Users\Ulises\Downloads\rxtxcomm-2.2.jar\rxtxcomm-2.2.jar;C:\Tristone\lib\amqp-client-5.6.0-javadoc.jar;C:\Tristone\lib\amqp-client-5.6.0.jar;C:\Users\Ulises\Downloads\slf4j-1.7.26\slf4j-1.7.26\slf4j-api-1.7.26.jar;C:\Users\Ulises\Downloads\slf4j-1.7.26\slf4j-1.7.26\slf4j-jdk14-1.7.26.jar;C:\Users\Ulises\Documents\NetBeansProjects\TristoneCOM\Tristone\build\classes
Launcher Type: SUN_STANDARD

Environment Variables:
PATH=C:\Program Files (x86)\Common Files\Oracle\Java\javapath;C:\Windows\system32;C:\Windows;C:\Windows\System32\Wbem;C:\Windows\System32\WindowsPowerShell\v1.0\;C:\Program Files\Microsoft SQL Server\Client SDK\ODBC\110\Tools\Binn\;C:\Program Files (x86)\Microsoft SQL Server\120\Tools\Binn\;C:\Program Files\Microsoft SQL Server\120\Tools\Binn\;C:\Program Files\Microsoft SQL Server\120\DTS\Binn\;C:\Program Files (x86)\Microsoft SQL Server\120\Tools\Binn\ManagementStudio\;C:\Program Files (x86)\Microsoft SQL Server\120\DTS\Binn\;C:\Windows\system32\config\systemprofile\.dnx\bin;C:\Program Files\Microsoft DNX\Dnvm\;C:\Program Files\Microsoft SQL Server\130\Tools\Binn\;C:\Program Files\TortoiseSVN\bin;C:\xampp\php;C:\composer;C:\Program Files\dotnet\;C:\Program Files\PuTTY\;C:\Program Files (x86)\Common Files\Acronis\VirtualFile\;C:\Program Files (x86)\Common Files\Acronis\VirtualFile64\;C:\Program Files (x86)\Common Files\Acronis\FileProtector\;C:\Program Files (x86)\Common Files\Acronis\FileProtector64\;C:\Program Files (x86)\Common Files\Acronis\SnapAPI\;C:\Users\Ulises\AppData\Roaming\Composer\vendor\bin;C:\Users\Ulises\AppData\Local\Programs\Microsoft VS Code\bin
USERNAME=Ulises
OS=Windows_NT
PROCESSOR_IDENTIFIER=Intel64 Family 6 Model 42 Stepping 7, GenuineIntel



---------------  S Y S T E M  ---------------

OS: Windows 7 , 64 bit Build 7601 (6.1.7601.18015)

CPU:total 4 (2 cores per cpu, 2 threads per core) family 6 model 42 stepping 7, cmov, cx8, fxsr, mmx, sse, sse2, sse3, ssse3, sse4.1, sse4.2, popcnt, avx, aes, clmul, ht, tsc, tscinvbit

Memory: 4k page, physical 8293056k(2344480k free), swap 16584256k(8987604k free)

vm_info: Java HotSpot(TM) 64-Bit Server VM (25.111-b14) for windows-amd64 JRE (1.8.0_111-b14), built on Sep 22 2016 19:24:05 by "java_re" with MS VC++ 10.0 (VS2010)

time: Mon Jul 29 22:30:07 2019
elapsed time: 27 seconds (0d 0h 0m 27s)

