#
# A fatal error has been detected by the Java Runtime Environment:
#
#  EXCEPTION_ACCESS_VIOLATION (0xc0000005) at pc=0x0000000180005b00, pid=9992, tid=0x00000000000024d8
#
# JRE version: Java(TM) SE Runtime Environment (8.0_111-b14) (build 1.8.0_111-b14)
# Java VM: Java HotSpot(TM) 64-Bit Server VM (25.111-b14 mixed mode windows-amd64 compressed oops)
# Problematic frame:
# C  [rxtxSerial.dll+0x5b00]
#
# Failed to write core dump. Minidumps are not enabled by default on client versions of Windows
#
# If you would like to submit a bug report, please visit:
#   http://bugreport.java.com/bugreport/crash.jsp
# The crash happened outside the Java Virtual Machine in native code.
# See problematic frame for where to report the bug.
#

---------------  T H R E A D  ---------------

Current thread (0x0000000058e2e800):  JavaThread "Thread-2" [_thread_in_native, id=9432, stack(0x000000005df60000,0x000000005e060000)]

siginfo: ExceptionCode=0xc0000005, reading address 0x000000005b59ec18

Registers:
RAX=0x0000000000000001, RBX=0x0000000000000000, RCX=0x000000018001d4d5, RDX=0xfffffffffffff665
RSP=0x000000005e05f2c0, RBP=0x00000000ffffffff, RSI=0x0000000000000000, RDI=0x0000000058e2e9f8
R8 =0x0000000000000002, R9 =0xfffffffffffff63c, R10=0x000000000000025a, R11=0x8101010101010100
R12=0x000000005b59ec10, R13=0x0000000000000001, R14=0x000000005e05f430, R15=0x0000000000000000
RIP=0x0000000180005b00, EFLAGS=0x0000000000010202

Top of Stack: (sp=0x000000005e05f2c0)
0x000000005e05f2c0:   0000000000000000 0000000000000000
0x000000005e05f2d0:   000000005e05f3f0 0000000000000000
0x000000005e05f2e0:   0000000058e2e800 000000005e05f430
0x000000005e05f2f0:   0000000002eefa24 000000005e05f3f0
0x000000005e05f300:   ffffffffffffffff 0000000000000001
0x000000005e05f310:   000000005cbd6938 0000000180005f3f
0x000000005e05f320:   0000000058e2e9f8 0000000058e2e9f8
0x000000005e05f330:   0000000000000001 000000005e05f350
0x000000005e05f340:   0000000000000001 00000000ffffffff
0x000000005e05f350:   0000000000000000 000000005e05f3f0
0x000000005e05f360:   0000000058e2e800 0000000063f4c963
0x000000005e05f370:   00000000fffffffd 0000000058d503e0
0x000000005e05f380:   0000000000000064 0000000058e302f0
0x000000005e05f390:   0000000058e2e800 0000000000000064
0x000000005e05f3a0:   000028dd5af464af 000000005b274e78
0x000000005e05f3b0:   0000000000000000 0000000016f87778 

Instructions: (pc=0x0000000180005b00)
0x0000000180005ae0:   15 23 7a 01 00 48 8d 48 60 e8 3a 5d 00 00 4c 8b
0x0000000180005af0:   e5 8b ac 24 88 00 00 00 44 8b ac 24 80 00 00 00
0x0000000180005b00:   45 8b 74 24 08 41 89 5c 24 08 41 8b fd 85 ed 78
0x0000000180005b10:   09 ff 15 e9 14 01 00 44 8b f8 45 85 ed 7e 4a 90 


Register to memory mapping:

RAX=0x0000000000000001 is an unknown value
RBX=0x0000000000000000 is an unknown value
RCX=0x000000018001d4d5 is an unknown value
RDX=0xfffffffffffff665 is an unknown value
RSP=0x000000005e05f2c0 is pointing into the stack for thread: 0x0000000058e2e800
RBP=0x00000000ffffffff is an unallocated location in the heap
RSI=0x0000000000000000 is an unknown value
RDI=0x0000000058e2e9f8 is an unknown value
R8 =0x0000000000000002 is an unknown value
R9 =0xfffffffffffff63c is an unknown value
R10=0x000000000000025a is an unknown value
R11=0x8101010101010100 is an unknown value
R12=0x000000005b59ec10 is an unknown value
R13=0x0000000000000001 is an unknown value
R14=0x000000005e05f430 is pointing into the stack for thread: 0x0000000058e2e800
R15=0x0000000000000000 is an unknown value


Stack: [0x000000005df60000,0x000000005e060000],  sp=0x000000005e05f2c0,  free space=1020k
Native frames: (J=compiled Java code, j=interpreted, Vv=VM code, C=native code)
C  [rxtxSerial.dll+0x5b00]
C  [rxtxSerial.dll+0x5f3f]
C  0x0000000002a972b9

Java frames: (J=compiled Java code, j=interpreted, Vv=VM code)
J 2360  gnu.io.RXTXPort.readByte()I (0 bytes) @ 0x0000000002a9723b [0x0000000002a97200+0x3b]
J 2333 C1 gnu.io.RXTXPort$SerialInputStream.read()I (167 bytes) @ 0x0000000002eefdc4 [0x0000000002eef7e0+0x5e4]
j  FrmTristone.frmDigitalScale$ReadSerial.run()V+4
j  java.lang.Thread.run()V+11
v  ~StubRoutines::call_stub

---------------  P R O C E S S  ---------------

Java Threads: ( => current thread )
  0x000000005a149800 JavaThread "Timer-1" [_thread_blocked, id=8856, stack(0x000000005b380000,0x000000005b480000)]
  0x000000005a148800 JavaThread "Thread-5" [_thread_blocked, id=8540, stack(0x000000005de20000,0x000000005df20000)]
  0x000000005a148000 JavaThread "pool-5-thread-2" [_thread_blocked, id=2108, stack(0x000000005b040000,0x000000005b140000)]
  0x000000005a14a000 JavaThread "AMQP Connection 0:0:0:0:0:0:0:1:5672" [_thread_in_native, id=10196, stack(0x000000005aef0000,0x000000005aff0000)]
  0x0000000058d99800 JavaThread "Timer-0" [_thread_blocked, id=5168, stack(0x000000005e240000,0x000000005e340000)]
=>0x0000000058e2e800 JavaThread "Thread-2" [_thread_in_native, id=9432, stack(0x000000005df60000,0x000000005e060000)]
  0x000000005a1ae800 JavaThread "Abandoned connection cleanup thread" daemon [_thread_blocked, id=2020, stack(0x000000005c120000,0x000000005c220000)]
  0x0000000059ecd800 JavaThread "TimerQueue" daemon [_thread_blocked, id=2244, stack(0x000000005c9c0000,0x000000005cac0000)]
  0x000000000224e800 JavaThread "DestroyJavaVM" [_thread_blocked, id=10520, stack(0x0000000002450000,0x0000000002550000)]
  0x0000000059c4b800 JavaThread "AWT-EventQueue-0" [_thread_blocked, id=7780, stack(0x000000005a760000,0x000000005a860000)]
  0x0000000059bf7800 JavaThread "AWT-Windows" daemon [_thread_in_native, id=5688, stack(0x00000000591e0000,0x00000000592e0000)]
  0x0000000059bf6800 JavaThread "AWT-Shutdown" [_thread_blocked, id=8696, stack(0x000000005a580000,0x000000005a680000)]
  0x0000000059bd5800 JavaThread "Java2D Disposer" daemon [_thread_blocked, id=9740, stack(0x000000005a420000,0x000000005a520000)]
  0x0000000058b2b800 JavaThread "Service Thread" daemon [_thread_blocked, id=3272, stack(0x0000000059940000,0x0000000059a40000)]
  0x0000000058b2a800 JavaThread "C1 CompilerThread2" daemon [_thread_in_native, id=6416, stack(0x0000000059720000,0x0000000059820000)]
  0x0000000058b29000 JavaThread "C2 CompilerThread1" daemon [_thread_blocked, id=8600, stack(0x0000000059510000,0x0000000059610000)]
  0x0000000058b24000 JavaThread "C2 CompilerThread0" daemon [_thread_blocked, id=6352, stack(0x00000000592e0000,0x00000000593e0000)]
  0x0000000058b20800 JavaThread "Attach Listener" daemon [_thread_blocked, id=10324, stack(0x0000000058fc0000,0x00000000590c0000)]
  0x0000000057785800 JavaThread "Signal Dispatcher" daemon [_thread_blocked, id=584, stack(0x00000000590e0000,0x00000000591e0000)]
  0x000000005776e800 JavaThread "Finalizer" daemon [_thread_blocked, id=1576, stack(0x0000000058860000,0x0000000058960000)]
  0x0000000057728000 JavaThread "Reference Handler" daemon [_thread_blocked, id=7912, stack(0x0000000058a20000,0x0000000058b20000)]

Other Threads:
  0x000000005771c800 VMThread [stack: 0x0000000058740000,0x0000000058840000] [id=6876]
  0x0000000058bb7800 WatcherThread [stack: 0x0000000059a60000,0x0000000059b60000] [id=10208]

VM state:not at safepoint (normal execution)

VM Mutex/Monitor currently owned by a thread: None

Heap:
 PSYoungGen      total 391680K, used 260052K [0x00000000d5d00000, 0x00000000f6d00000, 0x0000000100000000)
  eden space 389632K, 66% used [0x00000000d5d00000,0x00000000e5acd170,0x00000000ed980000)
  from space 2048K, 7% used [0x00000000f6900000,0x00000000f6928000,0x00000000f6b00000)
  to   space 2048K, 0% used [0x00000000f6b00000,0x00000000f6b00000,0x00000000f6d00000)
 ParOldGen       total 87552K, used 30638K [0x0000000081600000, 0x0000000086b80000, 0x00000000d5d00000)
  object space 87552K, 34% used [0x0000000081600000,0x00000000833ebb60,0x0000000086b80000)
 Metaspace       used 20187K, capacity 20434K, committed 20736K, reserved 1067008K
  class space    used 2421K, capacity 2517K, committed 2560K, reserved 1048576K

Card table byte_map: [0x0000000011be0000,0x0000000011fe0000] byte_map_base: 0x00000000117d5000

Marking Bits: (ParMarkBitMap*) 0x00000000644ca6c0
 Begin Bits: [0x0000000012a40000, 0x00000000149e8000)
 End Bits:   [0x00000000149e8000, 0x0000000016990000)

Polling page: 0x0000000000240000

CodeCache: size=245760Kb used=7360Kb max_used=7360Kb free=238399Kb
 bounds [0x0000000002820000, 0x0000000002f60000, 0x0000000011820000]
 total_blobs=2885 nmethods=2280 adapters=516
 compilation: enabled

Compilation events (10 events):
Event: 55.534 Thread 0x0000000058b2a800 2450   !   3       javax.swing.plaf.nimbus.SynthPainterImpl::paint (163 bytes)
Event: 55.535 Thread 0x0000000058b2a800 nmethod 2450 0x0000000002a6dc10 code [0x0000000002a6dec0, 0x0000000002a6f278]
Event: 55.536 Thread 0x0000000058b2a800 2449       3       sun.java2d.SunGraphics2D::getFontInfo (34 bytes)
Event: 55.536 Thread 0x0000000058b2a800 nmethod 2449 0x0000000002a6a3d0 code [0x0000000002a6a540, 0x0000000002a6a7e8]
Event: 55.544 Thread 0x0000000058b2a800 2451   !   3       java.lang.StringCoding::encode (120 bytes)
Event: 55.546 Thread 0x0000000058b2a800 nmethod 2451 0x0000000002f4a910 code [0x0000000002f4ac40, 0x0000000002f4c6b8]
Event: 55.547 Thread 0x0000000058b2a800 2452   !   3       java.lang.StringCoding$StringEncoder::encode (179 bytes)
Event: 55.550 Thread 0x0000000058b2a800 nmethod 2452 0x0000000002f4d5d0 code [0x0000000002f4d940, 0x0000000002f4f5e8]
Event: 55.550 Thread 0x0000000058b2a800 2453       3       java.util.IdentityHashMap::keySet (26 bytes)
Event: 55.551 Thread 0x0000000058b2a800 nmethod 2453 0x0000000002c92050 code [0x0000000002c921e0, 0x0000000002c925d0]

GC Heap History (10 events):
Event: 43.261 GC heap before
{Heap before GC invocations=43 (full 0):
 PSYoungGen      total 143872K, used 143392K [0x00000000d5d00000, 0x00000000f7080000, 0x0000000100000000)
  eden space 143360K, 100% used [0x00000000d5d00000,0x00000000de900000,0x00000000de900000)
  from space 512K, 6% used [0x00000000f7000000,0x00000000f7008000,0x00000000f7080000)
  to   space 3072K, 0% used [0x00000000f6a80000,0x00000000f6a80000,0x00000000f6d80000)
 ParOldGen       total 87552K, used 30622K [0x0000000081600000, 0x0000000086b80000, 0x00000000d5d00000)
  object space 87552K, 34% used [0x0000000081600000,0x00000000833e7b60,0x0000000086b80000)
 Metaspace       used 20030K, capacity 20294K, committed 20480K, reserved 1067008K
  class space    used 2418K, capacity 2515K, committed 2560K, reserved 1048576K
Event: 43.262 GC heap after
Heap after GC invocations=43 (full 0):
 PSYoungGen      total 178176K, used 32K [0x00000000d5d00000, 0x00000000f7080000, 0x0000000100000000)
  eden space 175104K, 0% used [0x00000000d5d00000,0x00000000d5d00000,0x00000000e0800000)
  from space 3072K, 1% used [0x00000000f6a80000,0x00000000f6a88000,0x00000000f6d80000)
  to   space 2560K, 0% used [0x00000000f6e00000,0x00000000f6e00000,0x00000000f7080000)
 ParOldGen       total 87552K, used 30630K [0x0000000081600000, 0x0000000086b80000, 0x00000000d5d00000)
  object space 87552K, 34% used [0x0000000081600000,0x00000000833e9b60,0x0000000086b80000)
 Metaspace       used 20030K, capacity 20294K, committed 20480K, reserved 1067008K
  class space    used 2418K, capacity 2515K, committed 2560K, reserved 1048576K
}
Event: 43.536 GC heap before
{Heap before GC invocations=44 (full 0):
 PSYoungGen      total 178176K, used 175136K [0x00000000d5d00000, 0x00000000f7080000, 0x0000000100000000)
  eden space 175104K, 100% used [0x00000000d5d00000,0x00000000e0800000,0x00000000e0800000)
  from space 3072K, 1% used [0x00000000f6a80000,0x00000000f6a88000,0x00000000f6d80000)
  to   space 2560K, 0% used [0x00000000f6e00000,0x00000000f6e00000,0x00000000f7080000)
 ParOldGen       total 87552K, used 30630K [0x0000000081600000, 0x0000000086b80000, 0x00000000d5d00000)
  object space 87552K, 34% used [0x0000000081600000,0x00000000833e9b60,0x0000000086b80000)
 Metaspace       used 20030K, capacity 20294K, committed 20480K, reserved 1067008K
  class space    used 2418K, capacity 2515K, committed 2560K, reserved 1048576K
Event: 43.551 GC heap after
Heap after GC invocations=44 (full 0):
 PSYoungGen      total 214528K, used 32K [0x00000000d5d00000, 0x00000000f6e80000, 0x0000000100000000)
  eden space 214016K, 0% used [0x00000000d5d00000,0x00000000d5d00000,0x00000000e2e00000)
  from space 512K, 6% used [0x00000000f6e00000,0x00000000f6e08000,0x00000000f6e80000)
  to   space 2560K, 0% used [0x00000000f6980000,0x00000000f6980000,0x00000000f6c00000)
 ParOldGen       total 87552K, used 30630K [0x0000000081600000, 0x0000000086b80000, 0x00000000d5d00000)
  object space 87552K, 34% used [0x0000000081600000,0x00000000833e9b60,0x0000000086b80000)
 Metaspace       used 20030K, capacity 20294K, committed 20480K, reserved 1067008K
  class space    used 2418K, capacity 2515K, committed 2560K, reserved 1048576K
}
Event: 43.947 GC heap before
{Heap before GC invocations=45 (full 0):
 PSYoungGen      total 214528K, used 214048K [0x00000000d5d00000, 0x00000000f6e80000, 0x0000000100000000)
  eden space 214016K, 100% used [0x00000000d5d00000,0x00000000e2e00000,0x00000000e2e00000)
  from space 512K, 6% used [0x00000000f6e00000,0x00000000f6e08000,0x00000000f6e80000)
  to   space 2560K, 0% used [0x00000000f6980000,0x00000000f6980000,0x00000000f6c00000)
 ParOldGen       total 87552K, used 30630K [0x0000000081600000, 0x0000000086b80000, 0x00000000d5d00000)
  object space 87552K, 34% used [0x0000000081600000,0x00000000833e9b60,0x0000000086b80000)
 Metaspace       used 20030K, capacity 20294K, committed 20480K, reserved 1067008K
  class space    used 2418K, capacity 2515K, committed 2560K, reserved 1048576K
Event: 43.948 GC heap after
Heap after GC invocations=45 (full 0):
 PSYoungGen      total 263680K, used 32K [0x00000000d5d00000, 0x00000000f6e80000, 0x0000000100000000)
  eden space 261120K, 0% used [0x00000000d5d00000,0x00000000d5d00000,0x00000000e5c00000)
  from space 2560K, 1% used [0x00000000f6980000,0x00000000f6988000,0x00000000f6c00000)
  to   space 2048K, 0% used [0x00000000f6c80000,0x00000000f6c80000,0x00000000f6e80000)
 ParOldGen       total 87552K, used 30630K [0x0000000081600000, 0x0000000086b80000, 0x00000000d5d00000)
  object space 87552K, 34% used [0x0000000081600000,0x00000000833e9b60,0x0000000086b80000)
 Metaspace       used 20030K, capacity 20294K, committed 20480K, reserved 1067008K
  class space    used 2418K, capacity 2515K, committed 2560K, reserved 1048576K
}
Event: 44.417 GC heap before
{Heap before GC invocations=46 (full 0):
 PSYoungGen      total 263680K, used 261152K [0x00000000d5d00000, 0x00000000f6e80000, 0x0000000100000000)
  eden space 261120K, 100% used [0x00000000d5d00000,0x00000000e5c00000,0x00000000e5c00000)
  from space 2560K, 1% used [0x00000000f6980000,0x00000000f6988000,0x00000000f6c00000)
  to   space 2048K, 0% used [0x00000000f6c80000,0x00000000f6c80000,0x00000000f6e80000)
 ParOldGen       total 87552K, used 30630K [0x0000000081600000, 0x0000000086b80000, 0x00000000d5d00000)
  object space 87552K, 34% used [0x0000000081600000,0x00000000833e9b60,0x0000000086b80000)
 Metaspace       used 20030K, capacity 20294K, committed 20480K, reserved 1067008K
  class space    used 2418K, capacity 2515K, committed 2560K, reserved 1048576K
Event: 44.418 GC heap after
Heap after GC invocations=46 (full 0):
 PSYoungGen      total 319488K, used 64K [0x00000000d5d00000, 0x00000000f6d00000, 0x0000000100000000)
  eden space 318976K, 0% used [0x00000000d5d00000,0x00000000d5d00000,0x00000000e9480000)
  from space 512K, 12% used [0x00000000f6c80000,0x00000000f6c90000,0x00000000f6d00000)
  to   space 2048K, 0% used [0x00000000f6900000,0x00000000f6900000,0x00000000f6b00000)
 ParOldGen       total 87552K, used 30630K [0x0000000081600000, 0x0000000086b80000, 0x00000000d5d00000)
  object space 87552K, 34% used [0x0000000081600000,0x00000000833e9b60,0x0000000086b80000)
 Metaspace       used 20030K, capacity 20294K, committed 20480K, reserved 1067008K
  class space    used 2418K, capacity 2515K, committed 2560K, reserved 1048576K
}
Event: 44.948 GC heap before
{Heap before GC invocations=47 (full 0):
 PSYoungGen      total 319488K, used 319040K [0x00000000d5d00000, 0x00000000f6d00000, 0x0000000100000000)
  eden space 318976K, 100% used [0x00000000d5d00000,0x00000000e9480000,0x00000000e9480000)
  from space 512K, 12% used [0x00000000f6c80000,0x00000000f6c90000,0x00000000f6d00000)
  to   space 2048K, 0% used [0x00000000f6900000,0x00000000f6900000,0x00000000f6b00000)
 ParOldGen       total 87552K, used 30630K [0x0000000081600000, 0x0000000086b80000, 0x00000000d5d00000)
  object space 87552K, 34% used [0x0000000081600000,0x00000000833e9b60,0x0000000086b80000)
 Metaspace       used 20032K, capacity 20358K, committed 20480K, reserved 1067008K
  class space    used 2418K, capacity 2515K, committed 2560K, reserved 1048576K
Event: 44.948 GC heap after
Heap after GC invocations=47 (full 0):
 PSYoungGen      total 391680K, used 160K [0x00000000d5d00000, 0x00000000f6d00000, 0x0000000100000000)
  eden space 389632K, 0% used [0x00000000d5d00000,0x00000000d5d00000,0x00000000ed980000)
  from space 2048K, 7% used [0x00000000f6900000,0x00000000f6928000,0x00000000f6b00000)
  to   space 2048K, 0% used [0x00000000f6b00000,0x00000000f6b00000,0x00000000f6d00000)
 ParOldGen       total 87552K, used 30638K [0x0000000081600000, 0x0000000086b80000, 0x00000000d5d00000)
  object space 87552K, 34% used [0x0000000081600000,0x00000000833ebb60,0x0000000086b80000)
 Metaspace       used 20032K, capacity 20358K, committed 20480K, reserved 1067008K
  class space    used 2418K, capacity 2515K, committed 2560K, reserved 1048576K
}

Deoptimization events (10 events):
Event: 6.032 Thread 0x0000000059c4b800 Uncommon trap: reason=unstable_if action=reinterpret pc=0x0000000002b0d21c method=java.util.Properties.loadConvert([CII[C)Ljava/lang/String; @ 4
Event: 6.032 Thread 0x0000000059c4b800 Uncommon trap: reason=unstable_if action=reinterpret pc=0x0000000002b0abc8 method=java.util.Properties$LineReader.readLine()I @ 252
Event: 6.039 Thread 0x0000000059c4b800 Uncommon trap: reason=unstable_if action=reinterpret pc=0x0000000002b19538 method=java.lang.String.indexOf([CII[CIII)I @ 3
Event: 10.499 Thread 0x0000000059c4b800 Uncommon trap: reason=class_check action=maybe_recompile pc=0x000000000298d858 method=java.lang.String.equals(Ljava/lang/Object;)Z @ 8
Event: 10.499 Thread 0x0000000059c4b800 Uncommon trap: reason=class_check action=maybe_recompile pc=0x000000000298d858 method=java.lang.String.equals(Ljava/lang/Object;)Z @ 8
Event: 26.018 Thread 0x0000000059c4b800 Uncommon trap: reason=unstable_if action=reinterpret pc=0x0000000002b31c08 method=java.util.Properties$LineReader.readLine()I @ 377
Event: 40.633 Thread 0x0000000059c4b800 Uncommon trap: reason=unstable_if action=reinterpret pc=0x0000000002c9226c method=sun.nio.cs.UnicodeDecoder.decodeLoop(Ljava/nio/ByteBuffer;Ljava/nio/CharBuffer;)Ljava/nio/charset/CoderResult; @ 55
Event: 45.339 Thread 0x0000000058e2e800 Uncommon trap: reason=unstable_if action=reinterpret pc=0x0000000002e1ce70 method=gnu.io.RXTXPort$SerialInputStream.read()I @ 7
Event: 45.359 Thread 0x000000005a148800 Uncommon trap: reason=unstable_if action=reinterpret pc=0x0000000002b4ff84 method=gnu.io.RXTXPort$SerialInputStream.read()I @ 7
Event: 55.484 Thread 0x000000005a14e000 Uncommon trap: reason=unstable_if action=reinterpret pc=0x0000000002cb723c method=java.lang.ThreadLocal$ThreadLocalMap.getEntry(Ljava/lang/ThreadLocal;)Ljava/lang/ThreadLocal$ThreadLocalMap$Entry; @ 29

Internal exceptions (10 events):
Event: 0.428 Thread 0x000000000224e800 Exception <a 'java/lang/ClassNotFoundException': RootPane> (0x00000000d612f200) thrown at [C:\re\workspace\8-2-build-windows-amd64-cygwin\jdk8u111\7883\hotspot\src\share\vm\classfile\systemDictionary.cpp, line 210]
Event: 11.160 Thread 0x0000000059c4b800 Exception <a 'java/io/FileNotFoundException'> (0x00000000d7913958) thrown at [C:\re\workspace\8-2-build-windows-amd64-cygwin\jdk8u111\7883\hotspot\src\share\vm\prims\jni.cpp, line 709]
Event: 11.179 Thread 0x0000000059c4b800 Exception <a 'java/io/FileNotFoundException'> (0x00000000d792a490) thrown at [C:\re\workspace\8-2-build-windows-amd64-cygwin\jdk8u111\7883\hotspot\src\share\vm\prims\jni.cpp, line 709]
Event: 11.180 Thread 0x0000000059c4b800 Exception <a 'java/io/FileNotFoundException'> (0x00000000d793a748) thrown at [C:\re\workspace\8-2-build-windows-amd64-cygwin\jdk8u111\7883\hotspot\src\share\vm\prims\jni.cpp, line 709]
Event: 11.198 Thread 0x0000000059c4b800 Exception <a 'java/io/FileNotFoundException'> (0x00000000d7950d50) thrown at [C:\re\workspace\8-2-build-windows-amd64-cygwin\jdk8u111\7883\hotspot\src\share\vm\prims\jni.cpp, line 709]
Event: 26.014 Thread 0x0000000059c4b800 Exception <a 'java/lang/NoClassDefFoundError': org/slf4j/impl/StaticLoggerBinder> (0x00000000d5f550f8) thrown at [C:\re\workspace\8-2-build-windows-amd64-cygwin\jdk8u111\7883\hotspot\src\share\vm\classfile\systemDictionary.cpp, line 199]
Event: 26.227 Thread 0x0000000059c4b800 Exception <a 'java/lang/ArrayIndexOutOfBoundsException': 18> (0x00000000d6640ec8) thrown at [C:\re\workspace\8-2-build-windows-amd64-cygwin\jdk8u111\7883\hotspot\src\share\vm\interpreter\interpreterRuntime.cpp, line 366]
Event: 45.319 Thread 0x0000000059c4b800 Exception <a 'java/io/FileNotFoundException'> (0x00000000e32b9458) thrown at [C:\re\workspace\8-2-build-windows-amd64-cygwin\jdk8u111\7883\hotspot\src\share\vm\prims\jni.cpp, line 709]
Event: 45.331 Thread 0x0000000059c4b800 Exception <a 'java/io/FileNotFoundException'> (0x00000000e3a6ab60) thrown at [C:\re\workspace\8-2-build-windows-amd64-cygwin\jdk8u111\7883\hotspot\src\share\vm\prims\jni.cpp, line 709]
Event: 45.885 Thread 0x000000005a14a000 Exception <a 'java/net/SocketTimeoutException': Read timed out> (0x00000000e3b71db0) thrown at [C:\re\workspace\8-2-build-windows-amd64-cygwin\jdk8u111\7883\hotspot\src\share\vm\prims\jni.cpp, line 735]

Events (10 events):
Event: 55.550 Thread 0x000000005a14b800 Thread exited: 0x000000005a14b800
Event: 55.550 Thread 0x000000005a14c800 Thread exited: 0x000000005a14c800
Event: 55.550 Executing VM operation: RevokeBias
Event: 55.550 Executing VM operation: RevokeBias done
Event: 55.551 Executing VM operation: RevokeBias
Event: 55.551 Executing VM operation: RevokeBias done
Event: 55.551 Executing VM operation: RevokeBias
Event: 55.551 Executing VM operation: RevokeBias done
Event: 55.551 Thread 0x000000005a14d000 Thread exited: 0x000000005a14d000
Event: 55.554 Thread 0x000000005a14b000 Thread exited: 0x000000005a14b000


Dynamic libraries:
0x000000013fdc0000 - 0x000000013fdf7000 	C:\Program Files\Java\jdk1.8.0_111\jre\bin\java.exe
0x0000000077490000 - 0x0000000077639000 	C:\Windows\SYSTEM32\ntdll.dll
0x0000000077270000 - 0x000000007738f000 	C:\Windows\system32\kernel32.dll
0x000007fefd740000 - 0x000007fefd7ab000 	C:\Windows\system32\KERNELBASE.dll
0x000007fefd7b0000 - 0x000007fefd88b000 	C:\Windows\system32\ADVAPI32.dll
0x000007fefefd0000 - 0x000007feff06f000 	C:\Windows\system32\msvcrt.dll
0x000007feff700000 - 0x000007feff71f000 	C:\Windows\SYSTEM32\sechost.dll
0x000007feff070000 - 0x000007feff19d000 	C:\Windows\system32\RPCRT4.dll
0x0000000077390000 - 0x000000007748a000 	C:\Windows\system32\USER32.dll
0x000007feff730000 - 0x000007feff797000 	C:\Windows\system32\GDI32.dll
0x000007fefd890000 - 0x000007fefd89e000 	C:\Windows\system32\LPK.dll
0x000007fefd940000 - 0x000007fefda09000 	C:\Windows\system32\USP10.dll
0x000007fefbeb0000 - 0x000007fefc0a4000 	C:\Windows\WinSxS\amd64_microsoft.windows.common-controls_6595b64144ccf1df_6.0.7601.17514_none_fa396087175ac9ac\COMCTL32.dll
0x000007fefe880000 - 0x000007fefe8f1000 	C:\Windows\system32\SHLWAPI.dll
0x000007fefecc0000 - 0x000007fefecee000 	C:\Windows\system32\IMM32.DLL
0x000007feff410000 - 0x000007feff519000 	C:\Windows\system32\MSCTF.dll
0x0000000068180000 - 0x0000000068252000 	C:\Program Files\Java\jdk1.8.0_111\jre\bin\msvcr100.dll
0x0000000063cb0000 - 0x000000006454a000 	C:\Program Files\Java\jdk1.8.0_111\jre\bin\server\jvm.dll
0x000007fef7c00000 - 0x000007fef7c09000 	C:\Windows\system32\WSOCK32.dll
0x000007feff320000 - 0x000007feff36d000 	C:\Windows\system32\WS2_32.dll
0x000007feff720000 - 0x000007feff728000 	C:\Windows\system32\NSI.dll
0x000007fef7ac0000 - 0x000007fef7afb000 	C:\Windows\system32\WINMM.dll
0x000007fefc540000 - 0x000007fefc54c000 	C:\Windows\system32\VERSION.dll
0x0000000077650000 - 0x0000000077657000 	C:\Windows\system32\PSAPI.DLL
0x000000006a500000 - 0x000000006a50f000 	C:\Program Files\Java\jdk1.8.0_111\jre\bin\verify.dll
0x00000000682d0000 - 0x00000000682f9000 	C:\Program Files\Java\jdk1.8.0_111\jre\bin\java.dll
0x000000006a4e0000 - 0x000000006a4f6000 	C:\Program Files\Java\jdk1.8.0_111\jre\bin\zip.dll
0x000007fefdaf0000 - 0x000007fefe878000 	C:\Windows\system32\SHELL32.dll
0x000007fefe980000 - 0x000007fefeb83000 	C:\Windows\system32\ole32.dll
0x000007fefd3e0000 - 0x000007fefd3ef000 	C:\Windows\system32\profapi.dll
0x0000000067fe0000 - 0x0000000068178000 	C:\Program Files\Java\jdk1.8.0_111\jre\bin\awt.dll
0x000007fefda10000 - 0x000007fefdae7000 	C:\Windows\system32\OLEAUT32.dll
0x000007fefbdf0000 - 0x000007fefbe46000 	C:\Windows\system32\uxtheme.dll
0x000007fefb790000 - 0x000007fefb7a8000 	C:\Windows\system32\dwmapi.dll
0x000007fefd310000 - 0x000007fefd31f000 	C:\Windows\system32\CRYPTBASE.dll
0x0000000067f90000 - 0x0000000067fd7000 	C:\Program Files\Java\jdk1.8.0_111\jre\bin\fontmanager.dll
0x000007feff370000 - 0x000007feff409000 	C:\Windows\system32\CLBCatQ.DLL
0x000007fefb540000 - 0x000007fefb66a000 	C:\Windows\system32\WindowsCodecs.dll
0x000007fefd2b0000 - 0x000007fefd307000 	C:\Windows\system32\apphelp.dll
0x000007fef9d50000 - 0x000007fefa239000 	C:\Program Files (x86)\Acronis\TrueImageHome\tishell64.dll
0x000007fefa790000 - 0x000007fefa7a8000 	C:\Windows\system32\MPR.dll
0x000007fef9c20000 - 0x000007fef9d45000 	C:\Windows\system32\dbghelp.dll
0x000007fef9c10000 - 0x000007fef9c18000 	C:\Windows\system32\IconCodecService.dll
0x000007fef9bf0000 - 0x000007fef9bf7000 	C:\Windows\system32\shfolder.DLL
0x000007feff520000 - 0x000007feff6f7000 	C:\Windows\system32\SETUPAPI.dll
0x000007fefd700000 - 0x000007fefd736000 	C:\Windows\system32\CFGMGR32.dll
0x000007fefd6e0000 - 0x000007fefd6fa000 	C:\Windows\system32\DEVOBJ.dll
0x000007fef8d20000 - 0x000007fef8d80000 	C:\Program Files (x86)\Dropbox\Client\DropboxExt64.27.0.dll
0x000007fefb0b0000 - 0x000007fefb0b3000 	C:\Windows\system32\api-ms-win-core-synch-l1-2-0.DLL
0x000007fefbb20000 - 0x000007fefbc4c000 	C:\Windows\system32\propsys.dll
0x000007fefadf0000 - 0x000007fefae1d000 	C:\Windows\system32\ntmarta.dll
0x000007fefe900000 - 0x000007fefe952000 	C:\Windows\system32\WLDAP32.dll
0x000007fef8cf0000 - 0x000007fef8d0f000 	C:\Windows\system32\thumbcache.dll
0x000007fef8c80000 - 0x000007fef8ceb000 	C:\Windows\system32\PhotoMetadataHandler.dll
0x00000000682b0000 - 0x00000000682ca000 	C:\Program Files\Java\jdk1.8.0_111\jre\bin\net.dll
0x000007fefcba0000 - 0x000007fefcbf5000 	C:\Windows\system32\mswsock.dll
0x000007fefcb90000 - 0x000007fefcb97000 	C:\Windows\System32\wship6.dll
0x0000000068290000 - 0x00000000682a1000 	C:\Program Files\Java\jdk1.8.0_111\jre\bin\nio.dll
0x0000000067f40000 - 0x0000000067f82000 	C:\Program Files\Java\jdk1.8.0_111\jre\bin\t2k.dll
0x0000000067df0000 - 0x0000000067e1a000 	C:\Program Files\Java\jdk1.8.0_111\jre\bin\dcpr.dll
0x0000000180000000 - 0x0000000180025000 	C:\Program Files\Java\jdk1.8.0_111\jre\bin\rxtxSerial.dll
0x000007fefc610000 - 0x000007fefc617000 	C:\Windows\System32\wshtcpip.dll
0x000007fefca20000 - 0x000007fefca7b000 	C:\Windows\system32\DNSAPI.dll
0x0000000073e10000 - 0x0000000073e36000 	C:\Program Files\Bonjour\mdnsNSP.dll
0x000007fefa880000 - 0x000007fefa8a7000 	C:\Windows\system32\Iphlpapi.DLL
0x000007fefa870000 - 0x000007fefa87b000 	C:\Windows\system32\WINNSI.DLL
0x000007fef7cd0000 - 0x000007fef7cd8000 	C:\Windows\system32\rasadhlp.dll
0x000007fef9a10000 - 0x000007fef9a63000 	C:\Windows\System32\fwpuclnt.dll

VM Arguments:
jvm_args: -Dfile.encoding=UTF-8 
java_command: FrmTristone.frmEmployee
java_class_path (initial): C:\Program Files\NetBeans 8.2\ide\modules\ext\mysql-connector-java-5.1.23-bin.jar;C:\Users\Ulises\Desktop\SWTristone\4.- Librerias\librerias\gson-2.8.2.jar;C:\Users\Ulises\Desktop\SWTristone\4.- Librerias\librerias\spring-amqp-2.0.0.RELEASE.jar;C:\Users\Ulises\Desktop\SWTristone\4.- Librerias\librerias\spring-context-4.2.2.RELEASE.jar;C:\Users\Ulises\Desktop\SWTristone\4.- Librerias\librerias\spring-rabbit-1.5.5.RELEASE.jar;C:\Users\Ulises\Desktop\SWTristone\4.- Librerias\librerias\jar_files\spring-beans-5.1.4.RELEASE.jar;C:\Users\Ulises\Downloads\mfz-rxtx-2.2-20081207-win-x64\mfz-rxtx-2.2-20081207-win-x64\RXTXcomm.jar;C:\Users\Ulises\Downloads\rxtxcomm-2.2.jar\rxtxcomm-2.2.jar;C:\Tristone\lib\amqp-client-5.6.0-javadoc.jar;C:\Tristone\lib\amqp-client-5.6.0.jar;C:\Tristone\lib\slf4j-api-1.7.25.jar;C:\Users\Ulises\Documents\NetBeansProjects\TristoneCOM\Tristone\build\classes
Launcher Type: SUN_STANDARD

Environment Variables:
PATH=C:\Program Files (x86)\Common Files\Oracle\Java\javapath;C:\Windows\system32;C:\Windows;C:\Windows\System32\Wbem;C:\Windows\System32\WindowsPowerShell\v1.0\;C:\Program Files\Microsoft SQL Server\Client SDK\ODBC\110\Tools\Binn\;C:\Program Files (x86)\Microsoft SQL Server\120\Tools\Binn\;C:\Program Files\Microsoft SQL Server\120\Tools\Binn\;C:\Program Files\Microsoft SQL Server\120\DTS\Binn\;C:\Program Files (x86)\Microsoft SQL Server\120\Tools\Binn\ManagementStudio\;C:\Program Files (x86)\Microsoft SQL Server\120\DTS\Binn\;C:\Windows\system32\config\systemprofile\.dnx\bin;C:\Program Files\Microsoft DNX\Dnvm\;C:\Program Files\Microsoft SQL Server\130\Tools\Binn\;C:\Program Files\TortoiseSVN\bin;C:\xampp\php;C:\composer;C:\Program Files\dotnet\;C:\Program Files\PuTTY\;C:\Program Files (x86)\Common Files\Acronis\VirtualFile\;C:\Program Files (x86)\Common Files\Acronis\VirtualFile64\;C:\Program Files (x86)\Common Files\Acronis\FileProtector\;C:\Program Files (x86)\Common Files\Acronis\FileProtector64\;C:\Program Files (x86)\Common Files\Acronis\SnapAPI\;C:\Users\Ulises\AppData\Roaming\Composer\vendor\bin;C:\Users\Ulises\AppData\Local\Programs\Microsoft VS Code\bin
USERNAME=Ulises
OS=Windows_NT
PROCESSOR_IDENTIFIER=Intel64 Family 6 Model 42 Stepping 7, GenuineIntel



---------------  S Y S T E M  ---------------

OS: Windows 7 , 64 bit Build 7601 (6.1.7601.18015)

CPU:total 4 (2 cores per cpu, 2 threads per core) family 6 model 42 stepping 7, cmov, cx8, fxsr, mmx, sse, sse2, sse3, ssse3, sse4.1, sse4.2, popcnt, avx, aes, clmul, ht, tsc, tscinvbit

Memory: 4k page, physical 8293056k(2951384k free), swap 16584256k(9796292k free)

vm_info: Java HotSpot(TM) 64-Bit Server VM (25.111-b14) for windows-amd64 JRE (1.8.0_111-b14), built on Sep 22 2016 19:24:05 by "java_re" with MS VC++ 10.0 (VS2010)

time: Sat Jun 22 08:34:22 2019
elapsed time: 55 seconds (0d 0h 0m 55s)

